/home/jorge/GTOChef/gto-wasm-app/gto/src/ComparativeMap.c:100:8: warning: absolute value function 'labs' given an argument of type 'int64_t' (aka 'long long') but has parameter of type 'long' which may cause truncation of value [-Wabsolute-value]
  100 |     if(labs(ry-rx) < minimum || labs(cx-cy) < minimum)
      |        ^
/home/jorge/GTOChef/gto-wasm-app/gto/src/ComparativeMap.c:100:8: note: use function 'llabs' instead
  100 |     if(labs(ry-rx) < minimum || labs(cx-cy) < minimum)
      |        ^~~~
      |        llabs
/home/jorge/GTOChef/gto-wasm-app/gto/src/ComparativeMap.c:100:33: warning: absolute value function 'labs' given an argument of type 'int64_t' (aka 'long long') but has parameter of type 'long' which may cause truncation of value [-Wabsolute-value]
  100 |     if(labs(ry-rx) < minimum || labs(cx-cy) < minimum)
      |                                 ^
/home/jorge/GTOChef/gto-wasm-app/gto/src/ComparativeMap.c:100:33: note: use function 'llabs' instead
  100 |     if(labs(ry-rx) < minimum || labs(cx-cy) < minimum)
      |                                 ^~~~
      |                                 llabs
2 warnings generated.
/home/jorge/GTOChef/gto-wasm-app/gto/src/ComparativeMap.c:100:8: warning: absolute value function 'labs' given an argument of type 'int64_t' (aka 'long long') but has parameter of type 'long' which may cause truncation of value [-Wabsolute-value]
  100 |     if(labs(ry-rx) < minimum || labs(cx-cy) < minimum)
      |        ^
/home/jorge/GTOChef/gto-wasm-app/gto/src/ComparativeMap.c:100:8: note: use function 'llabs' instead
  100 |     if(labs(ry-rx) < minimum || labs(cx-cy) < minimum)
      |        ^~~~
      |        llabs
/home/jorge/GTOChef/gto-wasm-app/gto/src/ComparativeMap.c:100:33: warning: absolute value function 'labs' given an argument of type 'int64_t' (aka 'long long') but has parameter of type 'long' which may cause truncation of value [-Wabsolute-value]
  100 |     if(labs(ry-rx) < minimum || labs(cx-cy) < minimum)
      |                                 ^
/home/jorge/GTOChef/gto-wasm-app/gto/src/ComparativeMap.c:100:33: note: use function 'llabs' instead
  100 |     if(labs(ry-rx) < minimum || labs(cx-cy) < minimum)
      |                                 ^~~~
      |                                 llabs
2 warnings generated.
/home/jorge/GTOChef/gto-wasm-app/gto/src/ComparativeMap.c:100:8: warning: absolute value function 'labs' given an argument of type 'int64_t' (aka 'long long') but has parameter of type 'long' which may cause truncation of value [-Wabsolute-value]
  100 |     if(labs(ry-rx) < minimum || labs(cx-cy) < minimum)
      |        ^
/home/jorge/GTOChef/gto-wasm-app/gto/src/ComparativeMap.c:100:8: note: use function 'llabs' instead
  100 |     if(labs(ry-rx) < minimum || labs(cx-cy) < minimum)
      |        ^~~~
      |        llabs
/home/jorge/GTOChef/gto-wasm-app/gto/src/ComparativeMap.c:100:33: warning: absolute value function 'labs' given an argument of type 'int64_t' (aka 'long long') but has parameter of type 'long' which may cause truncation of value [-Wabsolute-value]
  100 |     if(labs(ry-rx) < minimum || labs(cx-cy) < minimum)
      |                                 ^
/home/jorge/GTOChef/gto-wasm-app/gto/src/ComparativeMap.c:100:33: note: use function 'llabs' instead
  100 |     if(labs(ry-rx) < minimum || labs(cx-cy) < minimum)
      |                                 ^~~~
      |                                 llabs
2 warnings generated.
/home/jorge/GTOChef/gto-wasm-app/gto/src/ComparativeMap.c:100:8: warning: absolute value function 'labs' given an argument of type 'int64_t' (aka 'long long') but has parameter of type 'long' which may cause truncation of value [-Wabsolute-value]
  100 |     if(labs(ry-rx) < minimum || labs(cx-cy) < minimum)
      |        ^
/home/jorge/GTOChef/gto-wasm-app/gto/src/ComparativeMap.c:100:8: note: use function 'llabs' instead
  100 |     if(labs(ry-rx) < minimum || labs(cx-cy) < minimum)
      |        ^~~~
      |        llabs
/home/jorge/GTOChef/gto-wasm-app/gto/src/ComparativeMap.c:100:33: warning: absolute value function 'labs' given an argument of type 'int64_t' (aka 'long long') but has parameter of type 'long' which may cause truncation of value [-Wabsolute-value]
  100 |     if(labs(ry-rx) < minimum || labs(cx-cy) < minimum)
      |                                 ^
/home/jorge/GTOChef/gto-wasm-app/gto/src/ComparativeMap.c:100:33: note: use function 'llabs' instead
  100 |     if(labs(ry-rx) < minimum || labs(cx-cy) < minimum)
      |                                 ^~~~
      |                                 llabs
2 warnings generated.
/home/jorge/GTOChef/gto-wasm-app/gto/src/ComparativeMap.c:100:8: warning: absolute value function 'labs' given an argument of type 'int64_t' (aka 'long long') but has parameter of type 'long' which may cause truncation of value [-Wabsolute-value]
  100 |     if(labs(ry-rx) < minimum || labs(cx-cy) < minimum)
      |        ^
/home/jorge/GTOChef/gto-wasm-app/gto/src/ComparativeMap.c:100:8: note: use function 'llabs' instead
  100 |     if(labs(ry-rx) < minimum || labs(cx-cy) < minimum)
      |        ^~~~
      |        llabs
/home/jorge/GTOChef/gto-wasm-app/gto/src/ComparativeMap.c:100:33: warning: absolute value function 'labs' given an argument of type 'int64_t' (aka 'long long') but has parameter of type 'long' which may cause truncation of value [-Wabsolute-value]
  100 |     if(labs(ry-rx) < minimum || labs(cx-cy) < minimum)
      |                                 ^
/home/jorge/GTOChef/gto-wasm-app/gto/src/ComparativeMap.c:100:33: note: use function 'llabs' instead
  100 |     if(labs(ry-rx) < minimum || labs(cx-cy) < minimum)
      |                                 ^~~~
      |                                 llabs
2 warnings generated.
/home/jorge/GTOChef/gto-wasm-app/gto/src/ComparativeMap.c:100:8: warning: absolute value function 'labs' given an argument of type 'int64_t' (aka 'long long') but has parameter of type 'long' which may cause truncation of value [-Wabsolute-value]
  100 |     if(labs(ry-rx) < minimum || labs(cx-cy) < minimum)
      |        ^
/home/jorge/GTOChef/gto-wasm-app/gto/src/ComparativeMap.c:100:8: note: use function 'llabs' instead
  100 |     if(labs(ry-rx) < minimum || labs(cx-cy) < minimum)
      |        ^~~~
      |        llabs
/home/jorge/GTOChef/gto-wasm-app/gto/src/ComparativeMap.c:100:33: warning: absolute value function 'labs' given an argument of type 'int64_t' (aka 'long long') but has parameter of type 'long' which may cause truncation of value [-Wabsolute-value]
  100 |     if(labs(ry-rx) < minimum || labs(cx-cy) < minimum)
      |                                 ^
/home/jorge/GTOChef/gto-wasm-app/gto/src/ComparativeMap.c:100:33: note: use function 'llabs' instead
  100 |     if(labs(ry-rx) < minimum || labs(cx-cy) < minimum)
      |                                 ^~~~
      |                                 llabs
2 warnings generated.
/home/jorge/GTOChef/gto-wasm-app/gto/src/ComparativeMap.c:100:8: warning: absolute value function 'labs' given an argument of type 'int64_t' (aka 'long long') but has parameter of type 'long' which may cause truncation of value [-Wabsolute-value]
  100 |     if(labs(ry-rx) < minimum || labs(cx-cy) < minimum)
      |        ^
/home/jorge/GTOChef/gto-wasm-app/gto/src/ComparativeMap.c:100:8: note: use function 'llabs' instead
  100 |     if(labs(ry-rx) < minimum || labs(cx-cy) < minimum)
      |        ^~~~
      |        llabs
/home/jorge/GTOChef/gto-wasm-app/gto/src/ComparativeMap.c:100:33: warning: absolute value function 'labs' given an argument of type 'int64_t' (aka 'long long') but has parameter of type 'long' which may cause truncation of value [-Wabsolute-value]
  100 |     if(labs(ry-rx) < minimum || labs(cx-cy) < minimum)
      |                                 ^
/home/jorge/GTOChef/gto-wasm-app/gto/src/ComparativeMap.c:100:33: note: use function 'llabs' instead
  100 |     if(labs(ry-rx) < minimum || labs(cx-cy) < minimum)
      |                                 ^~~~
      |                                 llabs
2 warnings generated.
/home/jorge/GTOChef/gto-wasm-app/gto/src/ComparativeMap.c:100:8: warning: absolute value function 'labs' given an argument of type 'int64_t' (aka 'long long') but has parameter of type 'long' which may cause truncation of value [-Wabsolute-value]
  100 |     if(labs(ry-rx) < minimum || labs(cx-cy) < minimum)
      |        ^
/home/jorge/GTOChef/gto-wasm-app/gto/src/ComparativeMap.c:100:8: note: use function 'llabs' instead
  100 |     if(labs(ry-rx) < minimum || labs(cx-cy) < minimum)
      |        ^~~~
      |        llabs
/home/jorge/GTOChef/gto-wasm-app/gto/src/ComparativeMap.c:100:33: warning: absolute value function 'labs' given an argument of type 'int64_t' (aka 'long long') but has parameter of type 'long' which may cause truncation of value [-Wabsolute-value]
  100 |     if(labs(ry-rx) < minimum || labs(cx-cy) < minimum)
      |                                 ^
/home/jorge/GTOChef/gto-wasm-app/gto/src/ComparativeMap.c:100:33: note: use function 'llabs' instead
  100 |     if(labs(ry-rx) < minimum || labs(cx-cy) < minimum)
      |                                 ^~~~
      |                                 llabs
2 warnings generated.
/home/jorge/GTOChef/gto-wasm-app/gto/src/ComparativeMap.c:100:8: warning: absolute value function 'labs' given an argument of type 'int64_t' (aka 'long long') but has parameter of type 'long' which may cause truncation of value [-Wabsolute-value]
  100 |     if(labs(ry-rx) < minimum || labs(cx-cy) < minimum)
      |        ^
/home/jorge/GTOChef/gto-wasm-app/gto/src/ComparativeMap.c:100:8: note: use function 'llabs' instead
  100 |     if(labs(ry-rx) < minimum || labs(cx-cy) < minimum)
      |        ^~~~
      |        llabs
/home/jorge/GTOChef/gto-wasm-app/gto/src/ComparativeMap.c:100:33: warning: absolute value function 'labs' given an argument of type 'int64_t' (aka 'long long') but has parameter of type 'long' which may cause truncation of value [-Wabsolute-value]
  100 |     if(labs(ry-rx) < minimum || labs(cx-cy) < minimum)
      |                                 ^
/home/jorge/GTOChef/gto-wasm-app/gto/src/ComparativeMap.c:100:33: note: use function 'llabs' instead
  100 |     if(labs(ry-rx) < minimum || labs(cx-cy) < minimum)
      |                                 ^~~~
      |                                 llabs
2 warnings generated.
/home/jorge/GTOChef/gto-wasm-app/gto/src/ComparativeMap.c:100:8: warning: absolute value function 'labs' given an argument of type 'int64_t' (aka 'long long') but has parameter of type 'long' which may cause truncation of value [-Wabsolute-value]
  100 |     if(labs(ry-rx) < minimum || labs(cx-cy) < minimum)
      |        ^
/home/jorge/GTOChef/gto-wasm-app/gto/src/ComparativeMap.c:100:8: note: use function 'llabs' instead
  100 |     if(labs(ry-rx) < minimum || labs(cx-cy) < minimum)
      |        ^~~~
      |        llabs
/home/jorge/GTOChef/gto-wasm-app/gto/src/ComparativeMap.c:100:33: warning: absolute value function 'labs' given an argument of type 'int64_t' (aka 'long long') but has parameter of type 'long' which may cause truncation of value [-Wabsolute-value]
  100 |     if(labs(ry-rx) < minimum || labs(cx-cy) < minimum)
      |                                 ^
/home/jorge/GTOChef/gto-wasm-app/gto/src/ComparativeMap.c:100:33: note: use function 'llabs' instead
  100 |     if(labs(ry-rx) < minimum || labs(cx-cy) < minimum)
      |                                 ^~~~
      |                                 llabs
2 warnings generated.
/home/jorge/GTOChef/gto-wasm-app/gto/src/ComparativeMap.c:100:8: warning: absolute value function 'labs' given an argument of type 'int64_t' (aka 'long long') but has parameter of type 'long' which may cause truncation of value [-Wabsolute-value]
  100 |     if(labs(ry-rx) < minimum || labs(cx-cy) < minimum)
      |        ^
/home/jorge/GTOChef/gto-wasm-app/gto/src/ComparativeMap.c:100:8: note: use function 'llabs' instead
  100 |     if(labs(ry-rx) < minimum || labs(cx-cy) < minimum)
      |        ^~~~
      |        llabs
/home/jorge/GTOChef/gto-wasm-app/gto/src/ComparativeMap.c:100:33: warning: absolute value function 'labs' given an argument of type 'int64_t' (aka 'long long') but has parameter of type 'long' which may cause truncation of value [-Wabsolute-value]
  100 |     if(labs(ry-rx) < minimum || labs(cx-cy) < minimum)
      |                                 ^
/home/jorge/GTOChef/gto-wasm-app/gto/src/ComparativeMap.c:100:33: note: use function 'llabs' instead
  100 |     if(labs(ry-rx) < minimum || labs(cx-cy) < minimum)
      |                                 ^~~~
      |                                 llabs
2 warnings generated.
/home/jorge/GTOChef/gto-wasm-app/gto/src/ComparativeMap.c:100:8: warning: absolute value function 'labs' given an argument of type 'int64_t' (aka 'long long') but has parameter of type 'long' which may cause truncation of value [-Wabsolute-value]
  100 |     if(labs(ry-rx) < minimum || labs(cx-cy) < minimum)
      |        ^
/home/jorge/GTOChef/gto-wasm-app/gto/src/ComparativeMap.c:100:8: note: use function 'llabs' instead
  100 |     if(labs(ry-rx) < minimum || labs(cx-cy) < minimum)
      |        ^~~~
      |        llabs
/home/jorge/GTOChef/gto-wasm-app/gto/src/ComparativeMap.c:100:33: warning: absolute value function 'labs' given an argument of type 'int64_t' (aka 'long long') but has parameter of type 'long' which may cause truncation of value [-Wabsolute-value]
  100 |     if(labs(ry-rx) < minimum || labs(cx-cy) < minimum)
      |                                 ^
/home/jorge/GTOChef/gto-wasm-app/gto/src/ComparativeMap.c:100:33: note: use function 'llabs' instead
  100 |     if(labs(ry-rx) < minimum || labs(cx-cy) < minimum)
      |                                 ^~~~
      |                                 llabs
2 warnings generated.
/home/jorge/GTOChef/gto-wasm-app/gto/src/ComparativeMap.c:100:8: warning: absolute value function 'labs' given an argument of type 'int64_t' (aka 'long long') but has parameter of type 'long' which may cause truncation of value [-Wabsolute-value]
  100 |     if(labs(ry-rx) < minimum || labs(cx-cy) < minimum)
      |        ^
/home/jorge/GTOChef/gto-wasm-app/gto/src/ComparativeMap.c:100:8: note: use function 'llabs' instead
  100 |     if(labs(ry-rx) < minimum || labs(cx-cy) < minimum)
      |        ^~~~
      |        llabs
/home/jorge/GTOChef/gto-wasm-app/gto/src/ComparativeMap.c:100:33: warning: absolute value function 'labs' given an argument of type 'int64_t' (aka 'long long') but has parameter of type 'long' which may cause truncation of value [-Wabsolute-value]
  100 |     if(labs(ry-rx) < minimum || labs(cx-cy) < minimum)
      |                                 ^
/home/jorge/GTOChef/gto-wasm-app/gto/src/ComparativeMap.c:100:33: note: use function 'llabs' instead
  100 |     if(labs(ry-rx) < minimum || labs(cx-cy) < minimum)
      |                                 ^~~~
      |                                 llabs
2 warnings generated.
/home/jorge/GTOChef/gto-wasm-app/gto/src/ComparativeMap.c:100:8: warning: absolute value function 'labs' given an argument of type 'int64_t' (aka 'long long') but has parameter of type 'long' which may cause truncation of value [-Wabsolute-value]
  100 |     if(labs(ry-rx) < minimum || labs(cx-cy) < minimum)
      |        ^
/home/jorge/GTOChef/gto-wasm-app/gto/src/ComparativeMap.c:100:8: note: use function 'llabs' instead
  100 |     if(labs(ry-rx) < minimum || labs(cx-cy) < minimum)
      |        ^~~~
      |        llabs
/home/jorge/GTOChef/gto-wasm-app/gto/src/ComparativeMap.c:100:33: warning: absolute value function 'labs' given an argument of type 'int64_t' (aka 'long long') but has parameter of type 'long' which may cause truncation of value [-Wabsolute-value]
  100 |     if(labs(ry-rx) < minimum || labs(cx-cy) < minimum)
      |                                 ^
/home/jorge/GTOChef/gto-wasm-app/gto/src/ComparativeMap.c:100:33: note: use function 'llabs' instead
  100 |     if(labs(ry-rx) < minimum || labs(cx-cy) < minimum)
      |                                 ^~~~
      |                                 llabs
2 warnings generated.
/home/jorge/GTOChef/gto-wasm-app/gto/src/ComparativeMap.c:100:8: warning: absolute value function 'labs' given an argument of type 'int64_t' (aka 'long long') but has parameter of type 'long' which may cause truncation of value [-Wabsolute-value]
  100 |     if(labs(ry-rx) < minimum || labs(cx-cy) < minimum)
      |        ^
/home/jorge/GTOChef/gto-wasm-app/gto/src/ComparativeMap.c:100:8: note: use function 'llabs' instead
  100 |     if(labs(ry-rx) < minimum || labs(cx-cy) < minimum)
      |        ^~~~
      |        llabs
/home/jorge/GTOChef/gto-wasm-app/gto/src/ComparativeMap.c:100:33: warning: absolute value function 'labs' given an argument of type 'int64_t' (aka 'long long') but has parameter of type 'long' which may cause truncation of value [-Wabsolute-value]
  100 |     if(labs(ry-rx) < minimum || labs(cx-cy) < minimum)
      |                                 ^
/home/jorge/GTOChef/gto-wasm-app/gto/src/ComparativeMap.c:100:33: note: use function 'llabs' instead
  100 |     if(labs(ry-rx) < minimum || labs(cx-cy) < minimum)
      |                                 ^~~~
      |                                 llabs
2 warnings generated.
/home/jorge/GTOChef/gto-wasm-app/gto/src/ComparativeMap.c:100:8: warning: absolute value function 'labs' given an argument of type 'int64_t' (aka 'long long') but has parameter of type 'long' which may cause truncation of value [-Wabsolute-value]
  100 |     if(labs(ry-rx) < minimum || labs(cx-cy) < minimum)
      |        ^
/home/jorge/GTOChef/gto-wasm-app/gto/src/ComparativeMap.c:100:8: note: use function 'llabs' instead
  100 |     if(labs(ry-rx) < minimum || labs(cx-cy) < minimum)
      |        ^~~~
      |        llabs
/home/jorge/GTOChef/gto-wasm-app/gto/src/ComparativeMap.c:100:33: warning: absolute value function 'labs' given an argument of type 'int64_t' (aka 'long long') but has parameter of type 'long' which may cause truncation of value [-Wabsolute-value]
  100 |     if(labs(ry-rx) < minimum || labs(cx-cy) < minimum)
      |                                 ^
/home/jorge/GTOChef/gto-wasm-app/gto/src/ComparativeMap.c:100:33: note: use function 'llabs' instead
  100 |     if(labs(ry-rx) < minimum || labs(cx-cy) < minimum)
      |                                 ^~~~
      |                                 llabs
2 warnings generated.
/home/jorge/GTOChef/gto-wasm-app/gto/src/ComparativeMap.c:100:8: warning: absolute value function 'labs' given an argument of type 'int64_t' (aka 'long long') but has parameter of type 'long' which may cause truncation of value [-Wabsolute-value]
  100 |     if(labs(ry-rx) < minimum || labs(cx-cy) < minimum)
      |        ^
/home/jorge/GTOChef/gto-wasm-app/gto/src/ComparativeMap.c:100:8: note: use function 'llabs' instead
  100 |     if(labs(ry-rx) < minimum || labs(cx-cy) < minimum)
      |        ^~~~
      |        llabs
/home/jorge/GTOChef/gto-wasm-app/gto/src/ComparativeMap.c:100:33: warning: absolute value function 'labs' given an argument of type 'int64_t' (aka 'long long') but has parameter of type 'long' which may cause truncation of value [-Wabsolute-value]
  100 |     if(labs(ry-rx) < minimum || labs(cx-cy) < minimum)
      |                                 ^
/home/jorge/GTOChef/gto-wasm-app/gto/src/ComparativeMap.c:100:33: note: use function 'llabs' instead
  100 |     if(labs(ry-rx) < minimum || labs(cx-cy) < minimum)
      |                                 ^~~~
      |                                 llabs
2 warnings generated.
/home/jorge/GTOChef/gto-wasm-app/gto/src/ComparativeMap.c:100:8: warning: absolute value function 'labs' given an argument of type 'int64_t' (aka 'long long') but has parameter of type 'long' which may cause truncation of value [-Wabsolute-value]
  100 |     if(labs(ry-rx) < minimum || labs(cx-cy) < minimum)
      |        ^
/home/jorge/GTOChef/gto-wasm-app/gto/src/ComparativeMap.c:100:8: note: use function 'llabs' instead
  100 |     if(labs(ry-rx) < minimum || labs(cx-cy) < minimum)
      |        ^~~~
      |        llabs
/home/jorge/GTOChef/gto-wasm-app/gto/src/ComparativeMap.c:100:33: warning: absolute value function 'labs' given an argument of type 'int64_t' (aka 'long long') but has parameter of type 'long' which may cause truncation of value [-Wabsolute-value]
  100 |     if(labs(ry-rx) < minimum || labs(cx-cy) < minimum)
      |                                 ^
/home/jorge/GTOChef/gto-wasm-app/gto/src/ComparativeMap.c:100:33: note: use function 'llabs' instead
  100 |     if(labs(ry-rx) < minimum || labs(cx-cy) < minimum)
      |                                 ^~~~
      |                                 llabs
2 warnings generated.
/home/jorge/GTOChef/gto-wasm-app/gto/src/ComparativeMap.c:100:8: warning: absolute value function 'labs' given an argument of type 'int64_t' (aka 'long long') but has parameter of type 'long' which may cause truncation of value [-Wabsolute-value]
  100 |     if(labs(ry-rx) < minimum || labs(cx-cy) < minimum)
      |        ^
/home/jorge/GTOChef/gto-wasm-app/gto/src/ComparativeMap.c:100:8: note: use function 'llabs' instead
  100 |     if(labs(ry-rx) < minimum || labs(cx-cy) < minimum)
      |        ^~~~
      |        llabs
/home/jorge/GTOChef/gto-wasm-app/gto/src/ComparativeMap.c:100:33: warning: absolute value function 'labs' given an argument of type 'int64_t' (aka 'long long') but has parameter of type 'long' which may cause truncation of value [-Wabsolute-value]
  100 |     if(labs(ry-rx) < minimum || labs(cx-cy) < minimum)
      |                                 ^
/home/jorge/GTOChef/gto-wasm-app/gto/src/ComparativeMap.c:100:33: note: use function 'llabs' instead
  100 |     if(labs(ry-rx) < minimum || labs(cx-cy) < minimum)
      |                                 ^~~~
      |                                 llabs
2 warnings generated.
/home/jorge/GTOChef/gto-wasm-app/gto/src/ComparativeMap.c:100:8: warning: absolute value function 'labs' given an argument of type 'int64_t' (aka 'long long') but has parameter of type 'long' which may cause truncation of value [-Wabsolute-value]
  100 |     if(labs(ry-rx) < minimum || labs(cx-cy) < minimum)
      |        ^
/home/jorge/GTOChef/gto-wasm-app/gto/src/ComparativeMap.c:100:8: note: use function 'llabs' instead
  100 |     if(labs(ry-rx) < minimum || labs(cx-cy) < minimum)
      |        ^~~~
      |        llabs
/home/jorge/GTOChef/gto-wasm-app/gto/src/ComparativeMap.c:100:33: warning: absolute value function 'labs' given an argument of type 'int64_t' (aka 'long long') but has parameter of type 'long' which may cause truncation of value [-Wabsolute-value]
  100 |     if(labs(ry-rx) < minimum || labs(cx-cy) < minimum)
      |                                 ^
/home/jorge/GTOChef/gto-wasm-app/gto/src/ComparativeMap.c:100:33: note: use function 'llabs' instead
  100 |     if(labs(ry-rx) < minimum || labs(cx-cy) < minimum)
      |                                 ^~~~
      |                                 llabs
2 warnings generated.
/home/jorge/GTOChef/gto-wasm-app/gto/src/ComparativeMap.c:100:8: warning: absolute value function 'labs' given an argument of type 'int64_t' (aka 'long long') but has parameter of type 'long' which may cause truncation of value [-Wabsolute-value]
  100 |     if(labs(ry-rx) < minimum || labs(cx-cy) < minimum)
      |        ^
/home/jorge/GTOChef/gto-wasm-app/gto/src/ComparativeMap.c:100:8: note: use function 'llabs' instead
  100 |     if(labs(ry-rx) < minimum || labs(cx-cy) < minimum)
      |        ^~~~
      |        llabs
/home/jorge/GTOChef/gto-wasm-app/gto/src/ComparativeMap.c:100:33: warning: absolute value function 'labs' given an argument of type 'int64_t' (aka 'long long') but has parameter of type 'long' which may cause truncation of value [-Wabsolute-value]
  100 |     if(labs(ry-rx) < minimum || labs(cx-cy) < minimum)
      |                                 ^
/home/jorge/GTOChef/gto-wasm-app/gto/src/ComparativeMap.c:100:33: note: use function 'llabs' instead
  100 |     if(labs(ry-rx) < minimum || labs(cx-cy) < minimum)
      |                                 ^~~~
      |                                 llabs
2 warnings generated.
/home/jorge/GTOChef/gto-wasm-app/gto/src/ComparativeMap.c:100:8: warning: absolute value function 'labs' given an argument of type 'int64_t' (aka 'long long') but has parameter of type 'long' which may cause truncation of value [-Wabsolute-value]
  100 |     if(labs(ry-rx) < minimum || labs(cx-cy) < minimum)
      |        ^
/home/jorge/GTOChef/gto-wasm-app/gto/src/ComparativeMap.c:100:8: note: use function 'llabs' instead
  100 |     if(labs(ry-rx) < minimum || labs(cx-cy) < minimum)
      |        ^~~~
      |        llabs
/home/jorge/GTOChef/gto-wasm-app/gto/src/ComparativeMap.c:100:33: warning: absolute value function 'labs' given an argument of type 'int64_t' (aka 'long long') but has parameter of type 'long' which may cause truncation of value [-Wabsolute-value]
  100 |     if(labs(ry-rx) < minimum || labs(cx-cy) < minimum)
      |                                 ^
/home/jorge/GTOChef/gto-wasm-app/gto/src/ComparativeMap.c:100:33: note: use function 'llabs' instead
  100 |     if(labs(ry-rx) < minimum || labs(cx-cy) < minimum)
      |                                 ^~~~
      |                                 llabs
2 warnings generated.
/home/jorge/GTOChef/gto-wasm-app/gto/src/ComparativeMap.c:100:8: warning: absolute value function 'labs' given an argument of type 'int64_t' (aka 'long long') but has parameter of type 'long' which may cause truncation of value [-Wabsolute-value]
  100 |     if(labs(ry-rx) < minimum || labs(cx-cy) < minimum)
      |        ^
/home/jorge/GTOChef/gto-wasm-app/gto/src/ComparativeMap.c:100:8: note: use function 'llabs' instead
  100 |     if(labs(ry-rx) < minimum || labs(cx-cy) < minimum)
      |        ^~~~
      |        llabs
/home/jorge/GTOChef/gto-wasm-app/gto/src/ComparativeMap.c:100:33: warning: absolute value function 'labs' given an argument of type 'int64_t' (aka 'long long') but has parameter of type 'long' which may cause truncation of value [-Wabsolute-value]
  100 |     if(labs(ry-rx) < minimum || labs(cx-cy) < minimum)
      |                                 ^
/home/jorge/GTOChef/gto-wasm-app/gto/src/ComparativeMap.c:100:33: note: use function 'llabs' instead
  100 |     if(labs(ry-rx) < minimum || labs(cx-cy) < minimum)
      |                                 ^~~~
      |                                 llabs
2 warnings generated.
/home/jorge/GTOChef/gto-wasm-app/gto/src/ComparativeMap.c:100:8: warning: absolute value function 'labs' given an argument of type 'int64_t' (aka 'long long') but has parameter of type 'long' which may cause truncation of value [-Wabsolute-value]
  100 |     if(labs(ry-rx) < minimum || labs(cx-cy) < minimum)
      |        ^
/home/jorge/GTOChef/gto-wasm-app/gto/src/ComparativeMap.c:100:8: note: use function 'llabs' instead
  100 |     if(labs(ry-rx) < minimum || labs(cx-cy) < minimum)
      |        ^~~~
      |        llabs
/home/jorge/GTOChef/gto-wasm-app/gto/src/ComparativeMap.c:100:33: warning: absolute value function 'labs' given an argument of type 'int64_t' (aka 'long long') but has parameter of type 'long' which may cause truncation of value [-Wabsolute-value]
  100 |     if(labs(ry-rx) < minimum || labs(cx-cy) < minimum)
      |                                 ^
/home/jorge/GTOChef/gto-wasm-app/gto/src/ComparativeMap.c:100:33: note: use function 'llabs' instead
  100 |     if(labs(ry-rx) < minimum || labs(cx-cy) < minimum)
      |                                 ^~~~
      |                                 llabs
2 warnings generated.
emcc: error: Attempt to set a non-existent setting: 'AUTO_RUN'
 - perhaps a typo in emcc's  -sX=Y  notation?
 - (see src/settings.js for valid values)
/home/jorge/GTOChef/gto-wasm-app/gto/src/ComparativeMap.c:100:8: warning: absolute value function 'labs' given an argument of type 'int64_t' (aka 'long long') but has parameter of type 'long' which may cause truncation of value [-Wabsolute-value]
  100 |     if(labs(ry-rx) < minimum || labs(cx-cy) < minimum)
      |        ^
/home/jorge/GTOChef/gto-wasm-app/gto/src/ComparativeMap.c:100:8: note: use function 'llabs' instead
  100 |     if(labs(ry-rx) < minimum || labs(cx-cy) < minimum)
      |        ^~~~
      |        llabs
/home/jorge/GTOChef/gto-wasm-app/gto/src/ComparativeMap.c:100:33: warning: absolute value function 'labs' given an argument of type 'int64_t' (aka 'long long') but has parameter of type 'long' which may cause truncation of value [-Wabsolute-value]
  100 |     if(labs(ry-rx) < minimum || labs(cx-cy) < minimum)
      |                                 ^
/home/jorge/GTOChef/gto-wasm-app/gto/src/ComparativeMap.c:100:33: note: use function 'llabs' instead
  100 |     if(labs(ry-rx) < minimum || labs(cx-cy) < minimum)
      |                                 ^~~~
      |                                 llabs
2 warnings generated.
/home/jorge/GTOChef/gto-wasm-app/gto/src/ComparativeMap.c:100:8: warning: absolute value function 'labs' given an argument of type 'int64_t' (aka 'long long') but has parameter of type 'long' which may cause truncation of value [-Wabsolute-value]
  100 |     if(labs(ry-rx) < minimum || labs(cx-cy) < minimum)
      |        ^
/home/jorge/GTOChef/gto-wasm-app/gto/src/ComparativeMap.c:100:8: note: use function 'llabs' instead
  100 |     if(labs(ry-rx) < minimum || labs(cx-cy) < minimum)
      |        ^~~~
      |        llabs
/home/jorge/GTOChef/gto-wasm-app/gto/src/ComparativeMap.c:100:33: warning: absolute value function 'labs' given an argument of type 'int64_t' (aka 'long long') but has parameter of type 'long' which may cause truncation of value [-Wabsolute-value]
  100 |     if(labs(ry-rx) < minimum || labs(cx-cy) < minimum)
      |                                 ^
/home/jorge/GTOChef/gto-wasm-app/gto/src/ComparativeMap.c:100:33: note: use function 'llabs' instead
  100 |     if(labs(ry-rx) < minimum || labs(cx-cy) < minimum)
      |                                 ^~~~
      |                                 llabs
2 warnings generated.
cache:INFO: generating system asset: symbol_lists/33e30af53ecd99262c58251bf6078cfb8944cb09.json... (this will be cached in "/home/jorge/GTOChef/emsdk/upstream/emscripten/cache/symbol_lists/33e30af53ecd99262c58251bf6078cfb8944cb09.json" for subsequent builds)
cache:INFO:  - ok
/home/jorge/GTOChef/gto-wasm-app/gto/src/ComparativeMap.c:100:8: warning: absolute value function 'labs' given an argument of type 'int64_t' (aka 'long long') but has parameter of type 'long' which may cause truncation of value [-Wabsolute-value]
  100 |     if(labs(ry-rx) < minimum || labs(cx-cy) < minimum)
      |        ^
/home/jorge/GTOChef/gto-wasm-app/gto/src/ComparativeMap.c:100:8: note: use function 'llabs' instead
  100 |     if(labs(ry-rx) < minimum || labs(cx-cy) < minimum)
      |        ^~~~
      |        llabs
/home/jorge/GTOChef/gto-wasm-app/gto/src/ComparativeMap.c:100:33: warning: absolute value function 'labs' given an argument of type 'int64_t' (aka 'long long') but has parameter of type 'long' which may cause truncation of value [-Wabsolute-value]
  100 |     if(labs(ry-rx) < minimum || labs(cx-cy) < minimum)
      |                                 ^
/home/jorge/GTOChef/gto-wasm-app/gto/src/ComparativeMap.c:100:33: note: use function 'llabs' instead
  100 |     if(labs(ry-rx) < minimum || labs(cx-cy) < minimum)
      |                                 ^~~~
      |                                 llabs
2 warnings generated.
cache:INFO: generating system asset: symbol_lists/80902610b8ba58edce46edda91ec1d20d048268a.json... (this will be cached in "/home/jorge/GTOChef/emsdk/upstream/emscripten/cache/symbol_lists/80902610b8ba58edce46edda91ec1d20d048268a.json" for subsequent builds)
cache:INFO:  - ok
/home/jorge/GTOChef/gto-wasm-app/gto/src/ComparativeMap.c:100:8: warning: absolute value function 'labs' given an argument of type 'int64_t' (aka 'long long') but has parameter of type 'long' which may cause truncation of value [-Wabsolute-value]
  100 |     if(labs(ry-rx) < minimum || labs(cx-cy) < minimum)
      |        ^
/home/jorge/GTOChef/gto-wasm-app/gto/src/ComparativeMap.c:100:8: note: use function 'llabs' instead
  100 |     if(labs(ry-rx) < minimum || labs(cx-cy) < minimum)
      |        ^~~~
      |        llabs
/home/jorge/GTOChef/gto-wasm-app/gto/src/ComparativeMap.c:100:33: warning: absolute value function 'labs' given an argument of type 'int64_t' (aka 'long long') but has parameter of type 'long' which may cause truncation of value [-Wabsolute-value]
  100 |     if(labs(ry-rx) < minimum || labs(cx-cy) < minimum)
      |                                 ^
/home/jorge/GTOChef/gto-wasm-app/gto/src/ComparativeMap.c:100:33: note: use function 'llabs' instead
  100 |     if(labs(ry-rx) < minimum || labs(cx-cy) < minimum)
      |                                 ^~~~
      |                                 llabs
2 warnings generated.
/home/jorge/GTOChef/gto-wasm-app/gto/src/ComparativeMap.c:100:8: warning: absolute value function 'labs' given an argument of type 'int64_t' (aka 'long long') but has parameter of type 'long' which may cause truncation of value [-Wabsolute-value]
  100 |     if(labs(ry-rx) < minimum || labs(cx-cy) < minimum)
      |        ^
/home/jorge/GTOChef/gto-wasm-app/gto/src/ComparativeMap.c:100:8: note: use function 'llabs' instead
  100 |     if(labs(ry-rx) < minimum || labs(cx-cy) < minimum)
      |        ^~~~
      |        llabs
/home/jorge/GTOChef/gto-wasm-app/gto/src/ComparativeMap.c:100:33: warning: absolute value function 'labs' given an argument of type 'int64_t' (aka 'long long') but has parameter of type 'long' which may cause truncation of value [-Wabsolute-value]
  100 |     if(labs(ry-rx) < minimum || labs(cx-cy) < minimum)
      |                                 ^
/home/jorge/GTOChef/gto-wasm-app/gto/src/ComparativeMap.c:100:33: note: use function 'llabs' instead
  100 |     if(labs(ry-rx) < minimum || labs(cx-cy) < minimum)
      |                                 ^~~~
      |                                 llabs
2 warnings generated.
cache:INFO: generating system asset: symbol_lists/dc57ed9e1135fee1d72c5fa86274b78955bab18c.json... (this will be cached in "/home/jorge/GTOChef/emsdk/upstream/emscripten/cache/symbol_lists/dc57ed9e1135fee1d72c5fa86274b78955bab18c.json" for subsequent builds)
cache:INFO:  - ok
/home/jorge/GTOChef/gto-wasm-app/gto/src/ComparativeMap.c:100:8: warning: absolute value function 'labs' given an argument of type 'int64_t' (aka 'long long') but has parameter of type 'long' which may cause truncation of value [-Wabsolute-value]
  100 |     if(labs(ry-rx) < minimum || labs(cx-cy) < minimum)
      |        ^
/home/jorge/GTOChef/gto-wasm-app/gto/src/ComparativeMap.c:100:8: note: use function 'llabs' instead
  100 |     if(labs(ry-rx) < minimum || labs(cx-cy) < minimum)
      |        ^~~~
      |        llabs
/home/jorge/GTOChef/gto-wasm-app/gto/src/ComparativeMap.c:100:33: warning: absolute value function 'labs' given an argument of type 'int64_t' (aka 'long long') but has parameter of type 'long' which may cause truncation of value [-Wabsolute-value]
  100 |     if(labs(ry-rx) < minimum || labs(cx-cy) < minimum)
      |                                 ^
/home/jorge/GTOChef/gto-wasm-app/gto/src/ComparativeMap.c:100:33: note: use function 'llabs' instead
  100 |     if(labs(ry-rx) < minimum || labs(cx-cy) < minimum)
      |                                 ^~~~
      |                                 llabs
2 warnings generated.
emcc: error: EXPORT_NAME is not a valid JS identifier: `window['comparative_map']`
/home/jorge/GTOChef/gto-wasm-app/gto/src/ComparativeMap.c:100:8: warning: absolute value function 'labs' given an argument of type 'int64_t' (aka 'long long') but has parameter of type 'long' which may cause truncation of value [-Wabsolute-value]
  100 |     if(labs(ry-rx) < minimum || labs(cx-cy) < minimum)
      |        ^
/home/jorge/GTOChef/gto-wasm-app/gto/src/ComparativeMap.c:100:8: note: use function 'llabs' instead
  100 |     if(labs(ry-rx) < minimum || labs(cx-cy) < minimum)
      |        ^~~~
      |        llabs
/home/jorge/GTOChef/gto-wasm-app/gto/src/ComparativeMap.c:100:33: warning: absolute value function 'labs' given an argument of type 'int64_t' (aka 'long long') but has parameter of type 'long' which may cause truncation of value [-Wabsolute-value]
  100 |     if(labs(ry-rx) < minimum || labs(cx-cy) < minimum)
      |                                 ^
/home/jorge/GTOChef/gto-wasm-app/gto/src/ComparativeMap.c:100:33: note: use function 'llabs' instead
  100 |     if(labs(ry-rx) < minimum || labs(cx-cy) < minimum)
      |                                 ^~~~
      |                                 llabs
2 warnings generated.
/home/jorge/GTOChef/gto-wasm-app/gto/src/ComparativeMap.c:100:8: warning: absolute value function 'labs' given an argument of type 'int64_t' (aka 'long long') but has parameter of type 'long' which may cause truncation of value [-Wabsolute-value]
  100 |     if(labs(ry-rx) < minimum || labs(cx-cy) < minimum)
      |        ^
/home/jorge/GTOChef/gto-wasm-app/gto/src/ComparativeMap.c:100:8: note: use function 'llabs' instead
  100 |     if(labs(ry-rx) < minimum || labs(cx-cy) < minimum)
      |        ^~~~
      |        llabs
/home/jorge/GTOChef/gto-wasm-app/gto/src/ComparativeMap.c:100:33: warning: absolute value function 'labs' given an argument of type 'int64_t' (aka 'long long') but has parameter of type 'long' which may cause truncation of value [-Wabsolute-value]
  100 |     if(labs(ry-rx) < minimum || labs(cx-cy) < minimum)
      |                                 ^
/home/jorge/GTOChef/gto-wasm-app/gto/src/ComparativeMap.c:100:33: note: use function 'llabs' instead
  100 |     if(labs(ry-rx) < minimum || labs(cx-cy) < minimum)
      |                                 ^~~~
      |                                 llabs
2 warnings generated.
/home/jorge/GTOChef/gto-wasm-app/gto/src/ComparativeMap.c:100:8: warning: absolute value function 'labs' given an argument of type 'int64_t' (aka 'long long') but has parameter of type 'long' which may cause truncation of value [-Wabsolute-value]
  100 |     if(labs(ry-rx) < minimum || labs(cx-cy) < minimum)
      |        ^
/home/jorge/GTOChef/gto-wasm-app/gto/src/ComparativeMap.c:100:8: note: use function 'llabs' instead
  100 |     if(labs(ry-rx) < minimum || labs(cx-cy) < minimum)
      |        ^~~~
      |        llabs
/home/jorge/GTOChef/gto-wasm-app/gto/src/ComparativeMap.c:100:33: warning: absolute value function 'labs' given an argument of type 'int64_t' (aka 'long long') but has parameter of type 'long' which may cause truncation of value [-Wabsolute-value]
  100 |     if(labs(ry-rx) < minimum || labs(cx-cy) < minimum)
      |                                 ^
/home/jorge/GTOChef/gto-wasm-app/gto/src/ComparativeMap.c:100:33: note: use function 'llabs' instead
  100 |     if(labs(ry-rx) < minimum || labs(cx-cy) < minimum)
      |                                 ^~~~
      |                                 llabs
2 warnings generated.
/home/jorge/GTOChef/gto-wasm-app/gto/src/ComparativeMap.c:100:8: warning: absolute value function 'labs' given an argument of type 'int64_t' (aka 'long long') but has parameter of type 'long' which may cause truncation of value [-Wabsolute-value]
  100 |     if(labs(ry-rx) < minimum || labs(cx-cy) < minimum)
      |        ^
/home/jorge/GTOChef/gto-wasm-app/gto/src/ComparativeMap.c:100:8: note: use function 'llabs' instead
  100 |     if(labs(ry-rx) < minimum || labs(cx-cy) < minimum)
      |        ^~~~
      |        llabs
/home/jorge/GTOChef/gto-wasm-app/gto/src/ComparativeMap.c:100:33: warning: absolute value function 'labs' given an argument of type 'int64_t' (aka 'long long') but has parameter of type 'long' which may cause truncation of value [-Wabsolute-value]
  100 |     if(labs(ry-rx) < minimum || labs(cx-cy) < minimum)
      |                                 ^
/home/jorge/GTOChef/gto-wasm-app/gto/src/ComparativeMap.c:100:33: note: use function 'llabs' instead
  100 |     if(labs(ry-rx) < minimum || labs(cx-cy) < minimum)
      |                                 ^~~~
      |                                 llabs
2 warnings generated.
/home/jorge/GTOChef/gto-wasm-app/gto/src/temp_comparative_map.c:100:8: warning: absolute value function 'labs' given an argument of type 'int64_t' (aka 'long long') but has parameter of type 'long' which may cause truncation of value [-Wabsolute-value]
  100 |     if(labs(ry-rx) < minimum || labs(cx-cy) < minimum)
      |        ^
/home/jorge/GTOChef/gto-wasm-app/gto/src/temp_comparative_map.c:100:8: note: use function 'llabs' instead
  100 |     if(labs(ry-rx) < minimum || labs(cx-cy) < minimum)
      |        ^~~~
      |        llabs
/home/jorge/GTOChef/gto-wasm-app/gto/src/temp_comparative_map.c:100:33: warning: absolute value function 'labs' given an argument of type 'int64_t' (aka 'long long') but has parameter of type 'long' which may cause truncation of value [-Wabsolute-value]
  100 |     if(labs(ry-rx) < minimum || labs(cx-cy) < minimum)
      |                                 ^
/home/jorge/GTOChef/gto-wasm-app/gto/src/temp_comparative_map.c:100:33: note: use function 'llabs' instead
  100 |     if(labs(ry-rx) < minimum || labs(cx-cy) < minimum)
      |                                 ^~~~
      |                                 llabs
2 warnings generated.
cache:INFO: generating system asset: symbol_lists/68d0ade2857bf8113fa81d02cf9856ac14b14733.json... (this will be cached in "/home/jorge/GTOChef/emsdk/upstream/emscripten/cache/symbol_lists/68d0ade2857bf8113fa81d02cf9856ac14b14733.json" for subsequent builds)
cache:INFO:  - ok
/home/jorge/GTOChef/gto-wasm-app/gto/src/ComparativeMap.c:100:8: warning: absolute value function 'labs' given an argument of type 'int64_t' (aka 'long long') but has parameter of type 'long' which may cause truncation of value [-Wabsolute-value]
  100 |     if(labs(ry-rx) < minimum || labs(cx-cy) < minimum)
      |        ^
/home/jorge/GTOChef/gto-wasm-app/gto/src/ComparativeMap.c:100:8: note: use function 'llabs' instead
  100 |     if(labs(ry-rx) < minimum || labs(cx-cy) < minimum)
      |        ^~~~
      |        llabs
/home/jorge/GTOChef/gto-wasm-app/gto/src/ComparativeMap.c:100:33: warning: absolute value function 'labs' given an argument of type 'int64_t' (aka 'long long') but has parameter of type 'long' which may cause truncation of value [-Wabsolute-value]
  100 |     if(labs(ry-rx) < minimum || labs(cx-cy) < minimum)
      |                                 ^
/home/jorge/GTOChef/gto-wasm-app/gto/src/ComparativeMap.c:100:33: note: use function 'llabs' instead
  100 |     if(labs(ry-rx) < minimum || labs(cx-cy) < minimum)
      |                                 ^~~~
      |                                 llabs
2 warnings generated.
wasm-ld: error: duplicate symbol: real_main
>>> defined in /tmp/emscripten_temp_79wskj8s/ComparativeMap_0.o
>>> defined in /tmp/emscripten_temp_79wskj8s/main_wrapper_1.o
emcc: error: '/home/jorge/GTOChef/emsdk/upstream/bin/wasm-ld -o /home/jorge/GTOChef/gto-wasm-app/public/wasm/comparative_map.wasm /tmp/emscripten_temp_79wskj8s/ComparativeMap_0.o /tmp/emscripten_temp_79wskj8s/main_wrapper_1.o common-cmap.o mem-cmap.o msg-cmap.o paint-cmap.o time-cmap.o -L/home/jorge/GTOChef/emsdk/upstream/emscripten/cache/sysroot/lib/wasm32-emscripten -lGL-getprocaddr -lal -lhtml5 -lstubs -lnoexit -lc -ldlmalloc -lcompiler_rt -lc++-noexcept -lc++abi-noexcept -lsockets -mllvm -combiner-global-alias-analysis=false -mllvm -enable-emscripten-sjlj -mllvm -disable-lsr /tmp/tmp2ynpzrholibemscripten_js_symbols.so --strip-debug --export=real_main --export=malloc --export=free --export=_emscripten_stack_alloc --export=__get_temp_ret --export=__set_temp_ret --export=__wasm_call_ctors --export=emscripten_stack_get_current --export=_emscripten_stack_restore --export-if-defined=__start_em_asm --export-if-defined=__stop_em_asm --export-if-defined=__start_em_lib_deps --export-if-defined=__stop_em_lib_deps --export-if-defined=__start_em_js --export-if-defined=__stop_em_js --export-if-defined=main --export-if-defined=__main_argc_argv --export-table -z stack-size=65536 --max-memory=2147483648 --initial-heap=16777216 --no-entry --table-base=1 --global-base=1024' failed (returned 1)
/home/jorge/GTOChef/gto-wasm-app/gto/src/temp_comparative_map.c:100:8: warning: absolute value function 'labs' given an argument of type 'int64_t' (aka 'long long') but has parameter of type 'long' which may cause truncation of value [-Wabsolute-value]
  100 |     if(labs(ry-rx) < minimum || labs(cx-cy) < minimum)
      |        ^
/home/jorge/GTOChef/gto-wasm-app/gto/src/temp_comparative_map.c:100:8: note: use function 'llabs' instead
  100 |     if(labs(ry-rx) < minimum || labs(cx-cy) < minimum)
      |        ^~~~
      |        llabs
/home/jorge/GTOChef/gto-wasm-app/gto/src/temp_comparative_map.c:100:33: warning: absolute value function 'labs' given an argument of type 'int64_t' (aka 'long long') but has parameter of type 'long' which may cause truncation of value [-Wabsolute-value]
  100 |     if(labs(ry-rx) < minimum || labs(cx-cy) < minimum)
      |                                 ^
/home/jorge/GTOChef/gto-wasm-app/gto/src/temp_comparative_map.c:100:33: note: use function 'llabs' instead
  100 |     if(labs(ry-rx) < minimum || labs(cx-cy) < minimum)
      |                                 ^~~~
      |                                 llabs
2 warnings generated.
/home/jorge/GTOChef/gto-wasm-app/gto/src/temp_comparative_map.c:100:8: warning: absolute value function 'labs' given an argument of type 'int64_t' (aka 'long long') but has parameter of type 'long' which may cause truncation of value [-Wabsolute-value]
  100 |     if(labs(ry-rx) < minimum || labs(cx-cy) < minimum)
      |        ^
/home/jorge/GTOChef/gto-wasm-app/gto/src/temp_comparative_map.c:100:8: note: use function 'llabs' instead
  100 |     if(labs(ry-rx) < minimum || labs(cx-cy) < minimum)
      |        ^~~~
      |        llabs
/home/jorge/GTOChef/gto-wasm-app/gto/src/temp_comparative_map.c:100:33: warning: absolute value function 'labs' given an argument of type 'int64_t' (aka 'long long') but has parameter of type 'long' which may cause truncation of value [-Wabsolute-value]
  100 |     if(labs(ry-rx) < minimum || labs(cx-cy) < minimum)
      |                                 ^
/home/jorge/GTOChef/gto-wasm-app/gto/src/temp_comparative_map.c:100:33: note: use function 'llabs' instead
  100 |     if(labs(ry-rx) < minimum || labs(cx-cy) < minimum)
      |                                 ^~~~
      |                                 llabs
2 warnings generated.
cache:INFO: generating system asset: symbol_lists/1fa5cf8eb2ce7218705fdf19deae1e19ecf5fc9a.json... (this will be cached in "/home/jorge/GTOChef/emsdk/upstream/emscripten/cache/symbol_lists/1fa5cf8eb2ce7218705fdf19deae1e19ecf5fc9a.json" for subsequent builds)
cache:INFO:  - ok
/home/jorge/GTOChef/gto-wasm-app/gto/src/temp_comparative_map.c:100:8: warning: absolute value function 'labs' given an argument of type 'int64_t' (aka 'long long') but has parameter of type 'long' which may cause truncation of value [-Wabsolute-value]
  100 |     if(labs(ry-rx) < minimum || labs(cx-cy) < minimum)
      |        ^
/home/jorge/GTOChef/gto-wasm-app/gto/src/temp_comparative_map.c:100:8: note: use function 'llabs' instead
  100 |     if(labs(ry-rx) < minimum || labs(cx-cy) < minimum)
      |        ^~~~
      |        llabs
/home/jorge/GTOChef/gto-wasm-app/gto/src/temp_comparative_map.c:100:33: warning: absolute value function 'labs' given an argument of type 'int64_t' (aka 'long long') but has parameter of type 'long' which may cause truncation of value [-Wabsolute-value]
  100 |     if(labs(ry-rx) < minimum || labs(cx-cy) < minimum)
      |                                 ^
/home/jorge/GTOChef/gto-wasm-app/gto/src/temp_comparative_map.c:100:33: note: use function 'llabs' instead
  100 |     if(labs(ry-rx) < minimum || labs(cx-cy) < minimum)
      |                                 ^~~~
      |                                 llabs
2 warnings generated.
