/home/jorge/GTOChef/gto-wasm-app/gto/src/FastqQualityScoreInfo.c:21:12: warning: variable 'nScores' set but not used [-Wunused-but-set-variable]
   21 |   uint64_t nScores = 0, *QS = (uint64_t *) Calloc(65536, sizeof(uint64_t)),
      |            ^
1 warning generated.
/home/jorge/GTOChef/gto-wasm-app/gto/src/FastqQualityScoreInfo.c:21:12: warning: variable 'nScores' set but not used [-Wunused-but-set-variable]
   21 |   uint64_t nScores = 0, *QS = (uint64_t *) Calloc(65536, sizeof(uint64_t)),
      |            ^
1 warning generated.
/home/jorge/GTOChef/gto-wasm-app/gto/src/FastqQualityScoreInfo.c:21:12: warning: variable 'nScores' set but not used [-Wunused-but-set-variable]
   21 |   uint64_t nScores = 0, *QS = (uint64_t *) Calloc(65536, sizeof(uint64_t)),
      |            ^
1 warning generated.
/home/jorge/GTOChef/gto-wasm-app/gto/src/FastqQualityScoreInfo.c:21:12: warning: variable 'nScores' set but not used [-Wunused-but-set-variable]
   21 |   uint64_t nScores = 0, *QS = (uint64_t *) Calloc(65536, sizeof(uint64_t)),
      |            ^
1 warning generated.
/home/jorge/GTOChef/gto-wasm-app/gto/src/FastqQualityScoreInfo.c:21:12: warning: variable 'nScores' set but not used [-Wunused-but-set-variable]
   21 |   uint64_t nScores = 0, *QS = (uint64_t *) Calloc(65536, sizeof(uint64_t)),
      |            ^
1 warning generated.
/home/jorge/GTOChef/gto-wasm-app/gto/src/FastqQualityScoreInfo.c:21:12: warning: variable 'nScores' set but not used [-Wunused-but-set-variable]
   21 |   uint64_t nScores = 0, *QS = (uint64_t *) Calloc(65536, sizeof(uint64_t)),
      |            ^
1 warning generated.
/home/jorge/GTOChef/gto-wasm-app/gto/src/FastqQualityScoreInfo.c:21:12: warning: variable 'nScores' set but not used [-Wunused-but-set-variable]
   21 |   uint64_t nScores = 0, *QS = (uint64_t *) Calloc(65536, sizeof(uint64_t)),
      |            ^
1 warning generated.
/home/jorge/GTOChef/gto-wasm-app/gto/src/FastqQualityScoreInfo.c:21:12: warning: variable 'nScores' set but not used [-Wunused-but-set-variable]
   21 |   uint64_t nScores = 0, *QS = (uint64_t *) Calloc(65536, sizeof(uint64_t)),
      |            ^
1 warning generated.
/home/jorge/GTOChef/gto-wasm-app/gto/src/FastqQualityScoreInfo.c:21:12: warning: variable 'nScores' set but not used [-Wunused-but-set-variable]
   21 |   uint64_t nScores = 0, *QS = (uint64_t *) Calloc(65536, sizeof(uint64_t)),
      |            ^
1 warning generated.
/home/jorge/GTOChef/gto-wasm-app/gto/src/FastqQualityScoreInfo.c:21:12: warning: variable 'nScores' set but not used [-Wunused-but-set-variable]
   21 |   uint64_t nScores = 0, *QS = (uint64_t *) Calloc(65536, sizeof(uint64_t)),
      |            ^
1 warning generated.
/home/jorge/GTOChef/gto-wasm-app/gto/src/FastqQualityScoreInfo.c:21:12: warning: variable 'nScores' set but not used [-Wunused-but-set-variable]
   21 |   uint64_t nScores = 0, *QS = (uint64_t *) Calloc(65536, sizeof(uint64_t)),
      |            ^
1 warning generated.
/home/jorge/GTOChef/gto-wasm-app/gto/src/FastqQualityScoreInfo.c:21:12: warning: variable 'nScores' set but not used [-Wunused-but-set-variable]
   21 |   uint64_t nScores = 0, *QS = (uint64_t *) Calloc(65536, sizeof(uint64_t)),
      |            ^
1 warning generated.
/home/jorge/GTOChef/gto-wasm-app/gto/src/FastqQualityScoreInfo.c:21:12: warning: variable 'nScores' set but not used [-Wunused-but-set-variable]
   21 |   uint64_t nScores = 0, *QS = (uint64_t *) Calloc(65536, sizeof(uint64_t)),
      |            ^
1 warning generated.
/home/jorge/GTOChef/gto-wasm-app/gto/src/FastqQualityScoreInfo.c:21:12: warning: variable 'nScores' set but not used [-Wunused-but-set-variable]
   21 |   uint64_t nScores = 0, *QS = (uint64_t *) Calloc(65536, sizeof(uint64_t)),
      |            ^
1 warning generated.
/home/jorge/GTOChef/gto-wasm-app/gto/src/FastqQualityScoreInfo.c:21:12: warning: variable 'nScores' set but not used [-Wunused-but-set-variable]
   21 |   uint64_t nScores = 0, *QS = (uint64_t *) Calloc(65536, sizeof(uint64_t)),
      |            ^
1 warning generated.
/home/jorge/GTOChef/gto-wasm-app/gto/src/FastqQualityScoreInfo.c:21:12: warning: variable 'nScores' set but not used [-Wunused-but-set-variable]
   21 |   uint64_t nScores = 0, *QS = (uint64_t *) Calloc(65536, sizeof(uint64_t)),
      |            ^
1 warning generated.
/home/jorge/GTOChef/gto-wasm-app/gto/src/FastqQualityScoreInfo.c:21:12: warning: variable 'nScores' set but not used [-Wunused-but-set-variable]
   21 |   uint64_t nScores = 0, *QS = (uint64_t *) Calloc(65536, sizeof(uint64_t)),
      |            ^
1 warning generated.
/home/jorge/GTOChef/gto-wasm-app/gto/src/FastqQualityScoreInfo.c:21:12: warning: variable 'nScores' set but not used [-Wunused-but-set-variable]
   21 |   uint64_t nScores = 0, *QS = (uint64_t *) Calloc(65536, sizeof(uint64_t)),
      |            ^
1 warning generated.
/home/jorge/GTOChef/gto-wasm-app/gto/src/FastqQualityScoreInfo.c:21:12: warning: variable 'nScores' set but not used [-Wunused-but-set-variable]
   21 |   uint64_t nScores = 0, *QS = (uint64_t *) Calloc(65536, sizeof(uint64_t)),
      |            ^
1 warning generated.
/home/jorge/GTOChef/gto-wasm-app/gto/src/FastqQualityScoreInfo.c:21:12: warning: variable 'nScores' set but not used [-Wunused-but-set-variable]
   21 |   uint64_t nScores = 0, *QS = (uint64_t *) Calloc(65536, sizeof(uint64_t)),
      |            ^
1 warning generated.
/home/jorge/GTOChef/gto-wasm-app/gto/src/FastqQualityScoreInfo.c:21:12: warning: variable 'nScores' set but not used [-Wunused-but-set-variable]
   21 |   uint64_t nScores = 0, *QS = (uint64_t *) Calloc(65536, sizeof(uint64_t)),
      |            ^
1 warning generated.
/home/jorge/GTOChef/gto-wasm-app/gto/src/FastqQualityScoreInfo.c:21:12: warning: variable 'nScores' set but not used [-Wunused-but-set-variable]
   21 |   uint64_t nScores = 0, *QS = (uint64_t *) Calloc(65536, sizeof(uint64_t)),
      |            ^
1 warning generated.
/home/jorge/GTOChef/gto-wasm-app/gto/src/FastqQualityScoreInfo.c:21:12: warning: variable 'nScores' set but not used [-Wunused-but-set-variable]
   21 |   uint64_t nScores = 0, *QS = (uint64_t *) Calloc(65536, sizeof(uint64_t)),
      |            ^
1 warning generated.
/home/jorge/GTOChef/gto-wasm-app/gto/src/FastqQualityScoreInfo.c:21:12: warning: variable 'nScores' set but not used [-Wunused-but-set-variable]
   21 |   uint64_t nScores = 0, *QS = (uint64_t *) Calloc(65536, sizeof(uint64_t)),
      |            ^
1 warning generated.
emcc: error: Attempt to set a non-existent setting: 'AUTO_RUN'
 - perhaps a typo in emcc's  -sX=Y  notation?
 - (see src/settings.js for valid values)
/home/jorge/GTOChef/gto-wasm-app/gto/src/FastqQualityScoreInfo.c:21:12: warning: variable 'nScores' set but not used [-Wunused-but-set-variable]
   21 |   uint64_t nScores = 0, *QS = (uint64_t *) Calloc(65536, sizeof(uint64_t)),
      |            ^
1 warning generated.
/home/jorge/GTOChef/gto-wasm-app/gto/src/FastqQualityScoreInfo.c:21:12: warning: variable 'nScores' set but not used [-Wunused-but-set-variable]
   21 |   uint64_t nScores = 0, *QS = (uint64_t *) Calloc(65536, sizeof(uint64_t)),
      |            ^
1 warning generated.
cache:INFO: generating system asset: symbol_lists/b0e2b506e7c312c6d9732e7bd8d81df9334c5fb5.json... (this will be cached in "/home/jorge/GTOChef/emsdk/upstream/emscripten/cache/symbol_lists/b0e2b506e7c312c6d9732e7bd8d81df9334c5fb5.json" for subsequent builds)
cache:INFO:  - ok
/home/jorge/GTOChef/gto-wasm-app/gto/src/FastqQualityScoreInfo.c:21:12: warning: variable 'nScores' set but not used [-Wunused-but-set-variable]
   21 |   uint64_t nScores = 0, *QS = (uint64_t *) Calloc(65536, sizeof(uint64_t)),
      |            ^
1 warning generated.
cache:INFO: generating system asset: symbol_lists/e9c586b68e9d4570e050b9edfe57e69b106bcd80.json... (this will be cached in "/home/jorge/GTOChef/emsdk/upstream/emscripten/cache/symbol_lists/e9c586b68e9d4570e050b9edfe57e69b106bcd80.json" for subsequent builds)
cache:INFO:  - ok
/home/jorge/GTOChef/gto-wasm-app/gto/src/FastqQualityScoreInfo.c:21:12: warning: variable 'nScores' set but not used [-Wunused-but-set-variable]
   21 |   uint64_t nScores = 0, *QS = (uint64_t *) Calloc(65536, sizeof(uint64_t)),
      |            ^
1 warning generated.
/home/jorge/GTOChef/gto-wasm-app/gto/src/FastqQualityScoreInfo.c:21:12: warning: variable 'nScores' set but not used [-Wunused-but-set-variable]
   21 |   uint64_t nScores = 0, *QS = (uint64_t *) Calloc(65536, sizeof(uint64_t)),
      |            ^
1 warning generated.
cache:INFO: generating system asset: symbol_lists/5ffca1ac39e8df9da39f320b757a92e2e39aec30.json... (this will be cached in "/home/jorge/GTOChef/emsdk/upstream/emscripten/cache/symbol_lists/5ffca1ac39e8df9da39f320b757a92e2e39aec30.json" for subsequent builds)
cache:INFO:  - ok
/home/jorge/GTOChef/gto-wasm-app/gto/src/FastqQualityScoreInfo.c:21:12: warning: variable 'nScores' set but not used [-Wunused-but-set-variable]
   21 |   uint64_t nScores = 0, *QS = (uint64_t *) Calloc(65536, sizeof(uint64_t)),
      |            ^
1 warning generated.
emcc: error: EXPORT_NAME is not a valid JS identifier: `window['fastq_quality_score_info']`
/home/jorge/GTOChef/gto-wasm-app/gto/src/FastqQualityScoreInfo.c:21:12: warning: variable 'nScores' set but not used [-Wunused-but-set-variable]
   21 |   uint64_t nScores = 0, *QS = (uint64_t *) Calloc(65536, sizeof(uint64_t)),
      |            ^
1 warning generated.
/home/jorge/GTOChef/gto-wasm-app/gto/src/FastqQualityScoreInfo.c:21:12: warning: variable 'nScores' set but not used [-Wunused-but-set-variable]
   21 |   uint64_t nScores = 0, *QS = (uint64_t *) Calloc(65536, sizeof(uint64_t)),
      |            ^
1 warning generated.
/home/jorge/GTOChef/gto-wasm-app/gto/src/FastqQualityScoreInfo.c:21:12: warning: variable 'nScores' set but not used [-Wunused-but-set-variable]
   21 |   uint64_t nScores = 0, *QS = (uint64_t *) Calloc(65536, sizeof(uint64_t)),
      |            ^
1 warning generated.
/home/jorge/GTOChef/gto-wasm-app/gto/src/FastqQualityScoreInfo.c:21:12: warning: variable 'nScores' set but not used [-Wunused-but-set-variable]
   21 |   uint64_t nScores = 0, *QS = (uint64_t *) Calloc(65536, sizeof(uint64_t)),
      |            ^
1 warning generated.
/home/jorge/GTOChef/gto-wasm-app/gto/src/temp_fastq_quality_score_info.c:21:12: warning: variable 'nScores' set but not used [-Wunused-but-set-variable]
   21 |   uint64_t nScores = 0, *QS = (uint64_t *) Calloc(65536, sizeof(uint64_t)),
      |            ^
1 warning generated.
cache:INFO: generating system asset: symbol_lists/911297bbb8d2c5343cb3394a358ba3f9e8e817af.json... (this will be cached in "/home/jorge/GTOChef/emsdk/upstream/emscripten/cache/symbol_lists/911297bbb8d2c5343cb3394a358ba3f9e8e817af.json" for subsequent builds)
cache:INFO:  - ok
/home/jorge/GTOChef/gto-wasm-app/gto/src/FastqQualityScoreInfo.c:21:12: warning: variable 'nScores' set but not used [-Wunused-but-set-variable]
   21 |   uint64_t nScores = 0, *QS = (uint64_t *) Calloc(65536, sizeof(uint64_t)),
      |            ^
1 warning generated.
wasm-ld: error: duplicate symbol: real_main
>>> defined in /tmp/emscripten_temp_jeolxjlk/FastqQualityScoreInfo_0.o
>>> defined in /tmp/emscripten_temp_jeolxjlk/main_wrapper_1.o
emcc: error: '/home/jorge/GTOChef/emsdk/upstream/bin/wasm-ld -o /home/jorge/GTOChef/gto-wasm-app/public/wasm/fastq_quality_score_info.wasm /tmp/emscripten_temp_jeolxjlk/FastqQualityScoreInfo_0.o /tmp/emscripten_temp_jeolxjlk/main_wrapper_1.o argparse.o buffer.o common.o csmodel.o dna.o fcm.o labels.o mem.o misc.o parser.o phash.o reads.o -L/home/jorge/GTOChef/emsdk/upstream/emscripten/cache/sysroot/lib/wasm32-emscripten -lGL-getprocaddr -lal -lhtml5 -lstubs -lnoexit -lc -ldlmalloc -lcompiler_rt -lc++-noexcept -lc++abi-noexcept -lsockets -mllvm -combiner-global-alias-analysis=false -mllvm -enable-emscripten-sjlj -mllvm -disable-lsr /tmp/tmpshbyz19wlibemscripten_js_symbols.so --strip-debug --export=real_main --export=malloc --export=free --export=_emscripten_stack_alloc --export=__get_temp_ret --export=__set_temp_ret --export=__wasm_call_ctors --export=emscripten_stack_get_current --export=_emscripten_stack_restore --export-if-defined=__start_em_asm --export-if-defined=__stop_em_asm --export-if-defined=__start_em_lib_deps --export-if-defined=__stop_em_lib_deps --export-if-defined=__start_em_js --export-if-defined=__stop_em_js --export-if-defined=main --export-if-defined=__main_argc_argv --export-table -z stack-size=65536 --max-memory=2147483648 --initial-heap=16777216 --no-entry --table-base=1 --global-base=1024' failed (returned 1)
/home/jorge/GTOChef/gto-wasm-app/gto/src/temp_fastq_quality_score_info.c:21:12: warning: variable 'nScores' set but not used [-Wunused-but-set-variable]
   21 |   uint64_t nScores = 0, *QS = (uint64_t *) Calloc(65536, sizeof(uint64_t)),
      |            ^
1 warning generated.
/home/jorge/GTOChef/gto-wasm-app/gto/src/temp_fastq_quality_score_info.c:21:12: warning: variable 'nScores' set but not used [-Wunused-but-set-variable]
   21 |   uint64_t nScores = 0, *QS = (uint64_t *) Calloc(65536, sizeof(uint64_t)),
      |            ^
1 warning generated.
cache:INFO: generating system asset: symbol_lists/5ec4e3d69cd841802b6275e9fe449272a45fee6a.json... (this will be cached in "/home/jorge/GTOChef/emsdk/upstream/emscripten/cache/symbol_lists/5ec4e3d69cd841802b6275e9fe449272a45fee6a.json" for subsequent builds)
cache:INFO:  - ok
/home/jorge/GTOChef/gto-wasm-app/gto/src/temp_fastq_quality_score_info.c:21:12: warning: variable 'nScores' set but not used [-Wunused-but-set-variable]
   21 |   uint64_t nScores = 0, *QS = (uint64_t *) Calloc(65536, sizeof(uint64_t)),
      |            ^
1 warning generated.
