/home/jorge/GTOChef/gto-wasm-app/gto/src/FastaRandExtraChars.c:29:12: warning: unused variable 'value' [-Wunused-variable]
   29 |   uint8_t  value, line = 0, position = 1;
      |            ^~~~~
/home/jorge/GTOChef/gto-wasm-app/gto/src/FastaRandExtraChars.c:29:19: warning: unused variable 'line' [-Wunused-variable]
   29 |   uint8_t  value, line = 0, position = 1;
      |                   ^~~~
/home/jorge/GTOChef/gto-wasm-app/gto/src/FastaRandExtraChars.c:29:29: warning: unused variable 'position' [-Wunused-variable]
   29 |   uint8_t  value, line = 0, position = 1;
      |                             ^~~~~~~~
3 warnings generated.
/home/jorge/GTOChef/gto-wasm-app/gto/src/FastaRandExtraChars.c:29:12: warning: unused variable 'value' [-Wunused-variable]
   29 |   uint8_t  value, line = 0, position = 1;
      |            ^~~~~
/home/jorge/GTOChef/gto-wasm-app/gto/src/FastaRandExtraChars.c:29:19: warning: unused variable 'line' [-Wunused-variable]
   29 |   uint8_t  value, line = 0, position = 1;
      |                   ^~~~
/home/jorge/GTOChef/gto-wasm-app/gto/src/FastaRandExtraChars.c:29:29: warning: unused variable 'position' [-Wunused-variable]
   29 |   uint8_t  value, line = 0, position = 1;
      |                             ^~~~~~~~
3 warnings generated.
/home/jorge/GTOChef/gto-wasm-app/gto/src/FastaRandExtraChars.c:29:12: warning: unused variable 'value' [-Wunused-variable]
   29 |   uint8_t  value, line = 0, position = 1;
      |            ^~~~~
/home/jorge/GTOChef/gto-wasm-app/gto/src/FastaRandExtraChars.c:29:19: warning: unused variable 'line' [-Wunused-variable]
   29 |   uint8_t  value, line = 0, position = 1;
      |                   ^~~~
/home/jorge/GTOChef/gto-wasm-app/gto/src/FastaRandExtraChars.c:29:29: warning: unused variable 'position' [-Wunused-variable]
   29 |   uint8_t  value, line = 0, position = 1;
      |                             ^~~~~~~~
3 warnings generated.
/home/jorge/GTOChef/gto-wasm-app/gto/src/FastaRandExtraChars.c:29:12: warning: unused variable 'value' [-Wunused-variable]
   29 |   uint8_t  value, line = 0, position = 1;
      |            ^~~~~
/home/jorge/GTOChef/gto-wasm-app/gto/src/FastaRandExtraChars.c:29:19: warning: unused variable 'line' [-Wunused-variable]
   29 |   uint8_t  value, line = 0, position = 1;
      |                   ^~~~
/home/jorge/GTOChef/gto-wasm-app/gto/src/FastaRandExtraChars.c:29:29: warning: unused variable 'position' [-Wunused-variable]
   29 |   uint8_t  value, line = 0, position = 1;
      |                             ^~~~~~~~
3 warnings generated.
/home/jorge/GTOChef/gto-wasm-app/gto/src/FastaRandExtraChars.c:29:12: warning: unused variable 'value' [-Wunused-variable]
   29 |   uint8_t  value, line = 0, position = 1;
      |            ^~~~~
/home/jorge/GTOChef/gto-wasm-app/gto/src/FastaRandExtraChars.c:29:19: warning: unused variable 'line' [-Wunused-variable]
   29 |   uint8_t  value, line = 0, position = 1;
      |                   ^~~~
/home/jorge/GTOChef/gto-wasm-app/gto/src/FastaRandExtraChars.c:29:29: warning: unused variable 'position' [-Wunused-variable]
   29 |   uint8_t  value, line = 0, position = 1;
      |                             ^~~~~~~~
3 warnings generated.
/home/jorge/GTOChef/gto-wasm-app/gto/src/FastaRandExtraChars.c:29:12: warning: unused variable 'value' [-Wunused-variable]
   29 |   uint8_t  value, line = 0, position = 1;
      |            ^~~~~
/home/jorge/GTOChef/gto-wasm-app/gto/src/FastaRandExtraChars.c:29:19: warning: unused variable 'line' [-Wunused-variable]
   29 |   uint8_t  value, line = 0, position = 1;
      |                   ^~~~
/home/jorge/GTOChef/gto-wasm-app/gto/src/FastaRandExtraChars.c:29:29: warning: unused variable 'position' [-Wunused-variable]
   29 |   uint8_t  value, line = 0, position = 1;
      |                             ^~~~~~~~
3 warnings generated.
/home/jorge/GTOChef/gto-wasm-app/gto/src/FastaRandExtraChars.c:29:12: warning: unused variable 'value' [-Wunused-variable]
   29 |   uint8_t  value, line = 0, position = 1;
      |            ^~~~~
/home/jorge/GTOChef/gto-wasm-app/gto/src/FastaRandExtraChars.c:29:19: warning: unused variable 'line' [-Wunused-variable]
   29 |   uint8_t  value, line = 0, position = 1;
      |                   ^~~~
/home/jorge/GTOChef/gto-wasm-app/gto/src/FastaRandExtraChars.c:29:29: warning: unused variable 'position' [-Wunused-variable]
   29 |   uint8_t  value, line = 0, position = 1;
      |                             ^~~~~~~~
3 warnings generated.
/home/jorge/GTOChef/gto-wasm-app/gto/src/FastaRandExtraChars.c:29:12: warning: unused variable 'value' [-Wunused-variable]
   29 |   uint8_t  value, line = 0, position = 1;
      |            ^~~~~
/home/jorge/GTOChef/gto-wasm-app/gto/src/FastaRandExtraChars.c:29:19: warning: unused variable 'line' [-Wunused-variable]
   29 |   uint8_t  value, line = 0, position = 1;
      |                   ^~~~
/home/jorge/GTOChef/gto-wasm-app/gto/src/FastaRandExtraChars.c:29:29: warning: unused variable 'position' [-Wunused-variable]
   29 |   uint8_t  value, line = 0, position = 1;
      |                             ^~~~~~~~
3 warnings generated.
/home/jorge/GTOChef/gto-wasm-app/gto/src/FastaRandExtraChars.c:29:12: warning: unused variable 'value' [-Wunused-variable]
   29 |   uint8_t  value, line = 0, position = 1;
      |            ^~~~~
/home/jorge/GTOChef/gto-wasm-app/gto/src/FastaRandExtraChars.c:29:19: warning: unused variable 'line' [-Wunused-variable]
   29 |   uint8_t  value, line = 0, position = 1;
      |                   ^~~~
/home/jorge/GTOChef/gto-wasm-app/gto/src/FastaRandExtraChars.c:29:29: warning: unused variable 'position' [-Wunused-variable]
   29 |   uint8_t  value, line = 0, position = 1;
      |                             ^~~~~~~~
3 warnings generated.
/home/jorge/GTOChef/gto-wasm-app/gto/src/FastaRandExtraChars.c:29:12: warning: unused variable 'value' [-Wunused-variable]
   29 |   uint8_t  value, line = 0, position = 1;
      |            ^~~~~
/home/jorge/GTOChef/gto-wasm-app/gto/src/FastaRandExtraChars.c:29:19: warning: unused variable 'line' [-Wunused-variable]
   29 |   uint8_t  value, line = 0, position = 1;
      |                   ^~~~
/home/jorge/GTOChef/gto-wasm-app/gto/src/FastaRandExtraChars.c:29:29: warning: unused variable 'position' [-Wunused-variable]
   29 |   uint8_t  value, line = 0, position = 1;
      |                             ^~~~~~~~
3 warnings generated.
/home/jorge/GTOChef/gto-wasm-app/gto/src/FastaRandExtraChars.c:29:12: warning: unused variable 'value' [-Wunused-variable]
   29 |   uint8_t  value, line = 0, position = 1;
      |            ^~~~~
/home/jorge/GTOChef/gto-wasm-app/gto/src/FastaRandExtraChars.c:29:19: warning: unused variable 'line' [-Wunused-variable]
   29 |   uint8_t  value, line = 0, position = 1;
      |                   ^~~~
/home/jorge/GTOChef/gto-wasm-app/gto/src/FastaRandExtraChars.c:29:29: warning: unused variable 'position' [-Wunused-variable]
   29 |   uint8_t  value, line = 0, position = 1;
      |                             ^~~~~~~~
3 warnings generated.
/home/jorge/GTOChef/gto-wasm-app/gto/src/FastaRandExtraChars.c:29:12: warning: unused variable 'value' [-Wunused-variable]
   29 |   uint8_t  value, line = 0, position = 1;
      |            ^~~~~
/home/jorge/GTOChef/gto-wasm-app/gto/src/FastaRandExtraChars.c:29:19: warning: unused variable 'line' [-Wunused-variable]
   29 |   uint8_t  value, line = 0, position = 1;
      |                   ^~~~
/home/jorge/GTOChef/gto-wasm-app/gto/src/FastaRandExtraChars.c:29:29: warning: unused variable 'position' [-Wunused-variable]
   29 |   uint8_t  value, line = 0, position = 1;
      |                             ^~~~~~~~
3 warnings generated.
/home/jorge/GTOChef/gto-wasm-app/gto/src/FastaRandExtraChars.c:29:12: warning: unused variable 'value' [-Wunused-variable]
   29 |   uint8_t  value, line = 0, position = 1;
      |            ^~~~~
/home/jorge/GTOChef/gto-wasm-app/gto/src/FastaRandExtraChars.c:29:19: warning: unused variable 'line' [-Wunused-variable]
   29 |   uint8_t  value, line = 0, position = 1;
      |                   ^~~~
/home/jorge/GTOChef/gto-wasm-app/gto/src/FastaRandExtraChars.c:29:29: warning: unused variable 'position' [-Wunused-variable]
   29 |   uint8_t  value, line = 0, position = 1;
      |                             ^~~~~~~~
3 warnings generated.
/home/jorge/GTOChef/gto-wasm-app/gto/src/FastaRandExtraChars.c:29:12: warning: unused variable 'value' [-Wunused-variable]
   29 |   uint8_t  value, line = 0, position = 1;
      |            ^~~~~
/home/jorge/GTOChef/gto-wasm-app/gto/src/FastaRandExtraChars.c:29:19: warning: unused variable 'line' [-Wunused-variable]
   29 |   uint8_t  value, line = 0, position = 1;
      |                   ^~~~
/home/jorge/GTOChef/gto-wasm-app/gto/src/FastaRandExtraChars.c:29:29: warning: unused variable 'position' [-Wunused-variable]
   29 |   uint8_t  value, line = 0, position = 1;
      |                             ^~~~~~~~
3 warnings generated.
/home/jorge/GTOChef/gto-wasm-app/gto/src/FastaRandExtraChars.c:29:12: warning: unused variable 'value' [-Wunused-variable]
   29 |   uint8_t  value, line = 0, position = 1;
      |            ^~~~~
/home/jorge/GTOChef/gto-wasm-app/gto/src/FastaRandExtraChars.c:29:19: warning: unused variable 'line' [-Wunused-variable]
   29 |   uint8_t  value, line = 0, position = 1;
      |                   ^~~~
/home/jorge/GTOChef/gto-wasm-app/gto/src/FastaRandExtraChars.c:29:29: warning: unused variable 'position' [-Wunused-variable]
   29 |   uint8_t  value, line = 0, position = 1;
      |                             ^~~~~~~~
3 warnings generated.
/home/jorge/GTOChef/gto-wasm-app/gto/src/FastaRandExtraChars.c:29:12: warning: unused variable 'value' [-Wunused-variable]
   29 |   uint8_t  value, line = 0, position = 1;
      |            ^~~~~
/home/jorge/GTOChef/gto-wasm-app/gto/src/FastaRandExtraChars.c:29:19: warning: unused variable 'line' [-Wunused-variable]
   29 |   uint8_t  value, line = 0, position = 1;
      |                   ^~~~
/home/jorge/GTOChef/gto-wasm-app/gto/src/FastaRandExtraChars.c:29:29: warning: unused variable 'position' [-Wunused-variable]
   29 |   uint8_t  value, line = 0, position = 1;
      |                             ^~~~~~~~
3 warnings generated.
/home/jorge/GTOChef/gto-wasm-app/gto/src/FastaRandExtraChars.c:29:12: warning: unused variable 'value' [-Wunused-variable]
   29 |   uint8_t  value, line = 0, position = 1;
      |            ^~~~~
/home/jorge/GTOChef/gto-wasm-app/gto/src/FastaRandExtraChars.c:29:19: warning: unused variable 'line' [-Wunused-variable]
   29 |   uint8_t  value, line = 0, position = 1;
      |                   ^~~~
/home/jorge/GTOChef/gto-wasm-app/gto/src/FastaRandExtraChars.c:29:29: warning: unused variable 'position' [-Wunused-variable]
   29 |   uint8_t  value, line = 0, position = 1;
      |                             ^~~~~~~~
3 warnings generated.
/home/jorge/GTOChef/gto-wasm-app/gto/src/FastaRandExtraChars.c:29:12: warning: unused variable 'value' [-Wunused-variable]
   29 |   uint8_t  value, line = 0, position = 1;
      |            ^~~~~
/home/jorge/GTOChef/gto-wasm-app/gto/src/FastaRandExtraChars.c:29:19: warning: unused variable 'line' [-Wunused-variable]
   29 |   uint8_t  value, line = 0, position = 1;
      |                   ^~~~
/home/jorge/GTOChef/gto-wasm-app/gto/src/FastaRandExtraChars.c:29:29: warning: unused variable 'position' [-Wunused-variable]
   29 |   uint8_t  value, line = 0, position = 1;
      |                             ^~~~~~~~
3 warnings generated.
/home/jorge/GTOChef/gto-wasm-app/gto/src/FastaRandExtraChars.c:29:12: warning: unused variable 'value' [-Wunused-variable]
   29 |   uint8_t  value, line = 0, position = 1;
      |            ^~~~~
/home/jorge/GTOChef/gto-wasm-app/gto/src/FastaRandExtraChars.c:29:19: warning: unused variable 'line' [-Wunused-variable]
   29 |   uint8_t  value, line = 0, position = 1;
      |                   ^~~~
/home/jorge/GTOChef/gto-wasm-app/gto/src/FastaRandExtraChars.c:29:29: warning: unused variable 'position' [-Wunused-variable]
   29 |   uint8_t  value, line = 0, position = 1;
      |                             ^~~~~~~~
3 warnings generated.
/home/jorge/GTOChef/gto-wasm-app/gto/src/FastaRandExtraChars.c:29:12: warning: unused variable 'value' [-Wunused-variable]
   29 |   uint8_t  value, line = 0, position = 1;
      |            ^~~~~
/home/jorge/GTOChef/gto-wasm-app/gto/src/FastaRandExtraChars.c:29:19: warning: unused variable 'line' [-Wunused-variable]
   29 |   uint8_t  value, line = 0, position = 1;
      |                   ^~~~
/home/jorge/GTOChef/gto-wasm-app/gto/src/FastaRandExtraChars.c:29:29: warning: unused variable 'position' [-Wunused-variable]
   29 |   uint8_t  value, line = 0, position = 1;
      |                             ^~~~~~~~
3 warnings generated.
/home/jorge/GTOChef/gto-wasm-app/gto/src/FastaRandExtraChars.c:29:12: warning: unused variable 'value' [-Wunused-variable]
   29 |   uint8_t  value, line = 0, position = 1;
      |            ^~~~~
/home/jorge/GTOChef/gto-wasm-app/gto/src/FastaRandExtraChars.c:29:19: warning: unused variable 'line' [-Wunused-variable]
   29 |   uint8_t  value, line = 0, position = 1;
      |                   ^~~~
/home/jorge/GTOChef/gto-wasm-app/gto/src/FastaRandExtraChars.c:29:29: warning: unused variable 'position' [-Wunused-variable]
   29 |   uint8_t  value, line = 0, position = 1;
      |                             ^~~~~~~~
3 warnings generated.
/home/jorge/GTOChef/gto-wasm-app/gto/src/FastaRandExtraChars.c:29:12: warning: unused variable 'value' [-Wunused-variable]
   29 |   uint8_t  value, line = 0, position = 1;
      |            ^~~~~
/home/jorge/GTOChef/gto-wasm-app/gto/src/FastaRandExtraChars.c:29:19: warning: unused variable 'line' [-Wunused-variable]
   29 |   uint8_t  value, line = 0, position = 1;
      |                   ^~~~
/home/jorge/GTOChef/gto-wasm-app/gto/src/FastaRandExtraChars.c:29:29: warning: unused variable 'position' [-Wunused-variable]
   29 |   uint8_t  value, line = 0, position = 1;
      |                             ^~~~~~~~
3 warnings generated.
/home/jorge/GTOChef/gto-wasm-app/gto/src/FastaRandExtraChars.c:29:12: warning: unused variable 'value' [-Wunused-variable]
   29 |   uint8_t  value, line = 0, position = 1;
      |            ^~~~~
/home/jorge/GTOChef/gto-wasm-app/gto/src/FastaRandExtraChars.c:29:19: warning: unused variable 'line' [-Wunused-variable]
   29 |   uint8_t  value, line = 0, position = 1;
      |                   ^~~~
/home/jorge/GTOChef/gto-wasm-app/gto/src/FastaRandExtraChars.c:29:29: warning: unused variable 'position' [-Wunused-variable]
   29 |   uint8_t  value, line = 0, position = 1;
      |                             ^~~~~~~~
3 warnings generated.
/home/jorge/GTOChef/gto-wasm-app/gto/src/FastaRandExtraChars.c:29:12: warning: unused variable 'value' [-Wunused-variable]
   29 |   uint8_t  value, line = 0, position = 1;
      |            ^~~~~
/home/jorge/GTOChef/gto-wasm-app/gto/src/FastaRandExtraChars.c:29:19: warning: unused variable 'line' [-Wunused-variable]
   29 |   uint8_t  value, line = 0, position = 1;
      |                   ^~~~
/home/jorge/GTOChef/gto-wasm-app/gto/src/FastaRandExtraChars.c:29:29: warning: unused variable 'position' [-Wunused-variable]
   29 |   uint8_t  value, line = 0, position = 1;
      |                             ^~~~~~~~
3 warnings generated.
emcc: error: Attempt to set a non-existent setting: 'AUTO_RUN'
 - perhaps a typo in emcc's  -sX=Y  notation?
 - (see src/settings.js for valid values)
/home/jorge/GTOChef/gto-wasm-app/gto/src/FastaRandExtraChars.c:29:12: warning: unused variable 'value' [-Wunused-variable]
   29 |   uint8_t  value, line = 0, position = 1;
      |            ^~~~~
/home/jorge/GTOChef/gto-wasm-app/gto/src/FastaRandExtraChars.c:29:19: warning: unused variable 'line' [-Wunused-variable]
   29 |   uint8_t  value, line = 0, position = 1;
      |                   ^~~~
/home/jorge/GTOChef/gto-wasm-app/gto/src/FastaRandExtraChars.c:29:29: warning: unused variable 'position' [-Wunused-variable]
   29 |   uint8_t  value, line = 0, position = 1;
      |                             ^~~~~~~~
3 warnings generated.
/home/jorge/GTOChef/gto-wasm-app/gto/src/FastaRandExtraChars.c:29:12: warning: unused variable 'value' [-Wunused-variable]
   29 |   uint8_t  value, line = 0, position = 1;
      |            ^~~~~
/home/jorge/GTOChef/gto-wasm-app/gto/src/FastaRandExtraChars.c:29:19: warning: unused variable 'line' [-Wunused-variable]
   29 |   uint8_t  value, line = 0, position = 1;
      |                   ^~~~
/home/jorge/GTOChef/gto-wasm-app/gto/src/FastaRandExtraChars.c:29:29: warning: unused variable 'position' [-Wunused-variable]
   29 |   uint8_t  value, line = 0, position = 1;
      |                             ^~~~~~~~
3 warnings generated.
cache:INFO: generating system asset: symbol_lists/d587b8a37a4af3f0b61167723220ddca1e9a44e5.json... (this will be cached in "/home/jorge/GTOChef/emsdk/upstream/emscripten/cache/symbol_lists/d587b8a37a4af3f0b61167723220ddca1e9a44e5.json" for subsequent builds)
cache:INFO:  - ok
/home/jorge/GTOChef/gto-wasm-app/gto/src/FastaRandExtraChars.c:29:12: warning: unused variable 'value' [-Wunused-variable]
   29 |   uint8_t  value, line = 0, position = 1;
      |            ^~~~~
/home/jorge/GTOChef/gto-wasm-app/gto/src/FastaRandExtraChars.c:29:19: warning: unused variable 'line' [-Wunused-variable]
   29 |   uint8_t  value, line = 0, position = 1;
      |                   ^~~~
/home/jorge/GTOChef/gto-wasm-app/gto/src/FastaRandExtraChars.c:29:29: warning: unused variable 'position' [-Wunused-variable]
   29 |   uint8_t  value, line = 0, position = 1;
      |                             ^~~~~~~~
3 warnings generated.
cache:INFO: generating system asset: symbol_lists/69058d2786a498293d75ac63c538cb48d8c73976.json... (this will be cached in "/home/jorge/GTOChef/emsdk/upstream/emscripten/cache/symbol_lists/69058d2786a498293d75ac63c538cb48d8c73976.json" for subsequent builds)
cache:INFO:  - ok
/home/jorge/GTOChef/gto-wasm-app/gto/src/FastaRandExtraChars.c:29:12: warning: unused variable 'value' [-Wunused-variable]
   29 |   uint8_t  value, line = 0, position = 1;
      |            ^~~~~
/home/jorge/GTOChef/gto-wasm-app/gto/src/FastaRandExtraChars.c:29:19: warning: unused variable 'line' [-Wunused-variable]
   29 |   uint8_t  value, line = 0, position = 1;
      |                   ^~~~
/home/jorge/GTOChef/gto-wasm-app/gto/src/FastaRandExtraChars.c:29:29: warning: unused variable 'position' [-Wunused-variable]
   29 |   uint8_t  value, line = 0, position = 1;
      |                             ^~~~~~~~
3 warnings generated.
/home/jorge/GTOChef/gto-wasm-app/gto/src/FastaRandExtraChars.c:29:12: warning: unused variable 'value' [-Wunused-variable]
   29 |   uint8_t  value, line = 0, position = 1;
      |            ^~~~~
/home/jorge/GTOChef/gto-wasm-app/gto/src/FastaRandExtraChars.c:29:19: warning: unused variable 'line' [-Wunused-variable]
   29 |   uint8_t  value, line = 0, position = 1;
      |                   ^~~~
/home/jorge/GTOChef/gto-wasm-app/gto/src/FastaRandExtraChars.c:29:29: warning: unused variable 'position' [-Wunused-variable]
   29 |   uint8_t  value, line = 0, position = 1;
      |                             ^~~~~~~~
3 warnings generated.
cache:INFO: generating system asset: symbol_lists/50142d052cc5379b5398a159ea76dc1a6f86a8cd.json... (this will be cached in "/home/jorge/GTOChef/emsdk/upstream/emscripten/cache/symbol_lists/50142d052cc5379b5398a159ea76dc1a6f86a8cd.json" for subsequent builds)
cache:INFO:  - ok
/home/jorge/GTOChef/gto-wasm-app/gto/src/FastaRandExtraChars.c:29:12: warning: unused variable 'value' [-Wunused-variable]
   29 |   uint8_t  value, line = 0, position = 1;
      |            ^~~~~
/home/jorge/GTOChef/gto-wasm-app/gto/src/FastaRandExtraChars.c:29:19: warning: unused variable 'line' [-Wunused-variable]
   29 |   uint8_t  value, line = 0, position = 1;
      |                   ^~~~
/home/jorge/GTOChef/gto-wasm-app/gto/src/FastaRandExtraChars.c:29:29: warning: unused variable 'position' [-Wunused-variable]
   29 |   uint8_t  value, line = 0, position = 1;
      |                             ^~~~~~~~
3 warnings generated.
emcc: error: EXPORT_NAME is not a valid JS identifier: `window['fasta_rand_extra_chars']`
/home/jorge/GTOChef/gto-wasm-app/gto/src/FastaRandExtraChars.c:29:12: warning: unused variable 'value' [-Wunused-variable]
   29 |   uint8_t  value, line = 0, position = 1;
      |            ^~~~~
/home/jorge/GTOChef/gto-wasm-app/gto/src/FastaRandExtraChars.c:29:19: warning: unused variable 'line' [-Wunused-variable]
   29 |   uint8_t  value, line = 0, position = 1;
      |                   ^~~~
/home/jorge/GTOChef/gto-wasm-app/gto/src/FastaRandExtraChars.c:29:29: warning: unused variable 'position' [-Wunused-variable]
   29 |   uint8_t  value, line = 0, position = 1;
      |                             ^~~~~~~~
3 warnings generated.
/home/jorge/GTOChef/gto-wasm-app/gto/src/FastaRandExtraChars.c:29:12: warning: unused variable 'value' [-Wunused-variable]
   29 |   uint8_t  value, line = 0, position = 1;
      |            ^~~~~
/home/jorge/GTOChef/gto-wasm-app/gto/src/FastaRandExtraChars.c:29:19: warning: unused variable 'line' [-Wunused-variable]
   29 |   uint8_t  value, line = 0, position = 1;
      |                   ^~~~
/home/jorge/GTOChef/gto-wasm-app/gto/src/FastaRandExtraChars.c:29:29: warning: unused variable 'position' [-Wunused-variable]
   29 |   uint8_t  value, line = 0, position = 1;
      |                             ^~~~~~~~
3 warnings generated.
/home/jorge/GTOChef/gto-wasm-app/gto/src/FastaRandExtraChars.c:29:12: warning: unused variable 'value' [-Wunused-variable]
   29 |   uint8_t  value, line = 0, position = 1;
      |            ^~~~~
/home/jorge/GTOChef/gto-wasm-app/gto/src/FastaRandExtraChars.c:29:19: warning: unused variable 'line' [-Wunused-variable]
   29 |   uint8_t  value, line = 0, position = 1;
      |                   ^~~~
/home/jorge/GTOChef/gto-wasm-app/gto/src/FastaRandExtraChars.c:29:29: warning: unused variable 'position' [-Wunused-variable]
   29 |   uint8_t  value, line = 0, position = 1;
      |                             ^~~~~~~~
3 warnings generated.
/home/jorge/GTOChef/gto-wasm-app/gto/src/FastaRandExtraChars.c:29:12: warning: unused variable 'value' [-Wunused-variable]
   29 |   uint8_t  value, line = 0, position = 1;
      |            ^~~~~
/home/jorge/GTOChef/gto-wasm-app/gto/src/FastaRandExtraChars.c:29:19: warning: unused variable 'line' [-Wunused-variable]
   29 |   uint8_t  value, line = 0, position = 1;
      |                   ^~~~
/home/jorge/GTOChef/gto-wasm-app/gto/src/FastaRandExtraChars.c:29:29: warning: unused variable 'position' [-Wunused-variable]
   29 |   uint8_t  value, line = 0, position = 1;
      |                             ^~~~~~~~
3 warnings generated.
/home/jorge/GTOChef/gto-wasm-app/gto/src/temp_fasta_rand_extra_chars.c:29:12: warning: unused variable 'value' [-Wunused-variable]
   29 |   uint8_t  value, line = 0, position = 1;
      |            ^~~~~
/home/jorge/GTOChef/gto-wasm-app/gto/src/temp_fasta_rand_extra_chars.c:29:19: warning: unused variable 'line' [-Wunused-variable]
   29 |   uint8_t  value, line = 0, position = 1;
      |                   ^~~~
/home/jorge/GTOChef/gto-wasm-app/gto/src/temp_fasta_rand_extra_chars.c:29:29: warning: unused variable 'position' [-Wunused-variable]
   29 |   uint8_t  value, line = 0, position = 1;
      |                             ^~~~~~~~
3 warnings generated.
cache:INFO: generating system asset: symbol_lists/7a64e9d5250e6aab6ecb388db53638a2113dc2fa.json... (this will be cached in "/home/jorge/GTOChef/emsdk/upstream/emscripten/cache/symbol_lists/7a64e9d5250e6aab6ecb388db53638a2113dc2fa.json" for subsequent builds)
cache:INFO:  - ok
/home/jorge/GTOChef/gto-wasm-app/gto/src/FastaRandExtraChars.c:29:12: warning: unused variable 'value' [-Wunused-variable]
   29 |   uint8_t  value, line = 0, position = 1;
      |            ^~~~~
/home/jorge/GTOChef/gto-wasm-app/gto/src/FastaRandExtraChars.c:29:19: warning: unused variable 'line' [-Wunused-variable]
   29 |   uint8_t  value, line = 0, position = 1;
      |                   ^~~~
/home/jorge/GTOChef/gto-wasm-app/gto/src/FastaRandExtraChars.c:29:29: warning: unused variable 'position' [-Wunused-variable]
   29 |   uint8_t  value, line = 0, position = 1;
      |                             ^~~~~~~~
3 warnings generated.
wasm-ld: error: duplicate symbol: real_main
>>> defined in /tmp/emscripten_temp_svr3j4th/FastaRandExtraChars_0.o
>>> defined in /tmp/emscripten_temp_svr3j4th/main_wrapper_1.o
emcc: error: '/home/jorge/GTOChef/emsdk/upstream/bin/wasm-ld -o /home/jorge/GTOChef/gto-wasm-app/public/wasm/fasta_rand_extra_chars.wasm /tmp/emscripten_temp_svr3j4th/FastaRandExtraChars_0.o /tmp/emscripten_temp_svr3j4th/main_wrapper_1.o argparse.o buffer.o common.o csmodel.o dna.o fcm.o labels.o mem.o misc.o parser.o phash.o reads.o -L/home/jorge/GTOChef/emsdk/upstream/emscripten/cache/sysroot/lib/wasm32-emscripten -lGL-getprocaddr -lal -lhtml5 -lstubs -lnoexit -lc -ldlmalloc -lcompiler_rt -lc++-noexcept -lc++abi-noexcept -lsockets -mllvm -combiner-global-alias-analysis=false -mllvm -enable-emscripten-sjlj -mllvm -disable-lsr /tmp/tmpyeadbch7libemscripten_js_symbols.so --strip-debug --export=real_main --export=malloc --export=free --export=_emscripten_stack_alloc --export=__get_temp_ret --export=__set_temp_ret --export=__wasm_call_ctors --export=emscripten_stack_get_current --export=_emscripten_stack_restore --export-if-defined=__start_em_asm --export-if-defined=__stop_em_asm --export-if-defined=__start_em_lib_deps --export-if-defined=__stop_em_lib_deps --export-if-defined=__start_em_js --export-if-defined=__stop_em_js --export-if-defined=main --export-if-defined=__main_argc_argv --export-table -z stack-size=65536 --max-memory=2147483648 --initial-heap=16777216 --no-entry --table-base=1 --global-base=1024' failed (returned 1)
/home/jorge/GTOChef/gto-wasm-app/gto/src/temp_fasta_rand_extra_chars.c:29:12: warning: unused variable 'value' [-Wunused-variable]
   29 |   uint8_t  value, line = 0, position = 1;
      |            ^~~~~
/home/jorge/GTOChef/gto-wasm-app/gto/src/temp_fasta_rand_extra_chars.c:29:19: warning: unused variable 'line' [-Wunused-variable]
   29 |   uint8_t  value, line = 0, position = 1;
      |                   ^~~~
/home/jorge/GTOChef/gto-wasm-app/gto/src/temp_fasta_rand_extra_chars.c:29:29: warning: unused variable 'position' [-Wunused-variable]
   29 |   uint8_t  value, line = 0, position = 1;
      |                             ^~~~~~~~
3 warnings generated.
/home/jorge/GTOChef/gto-wasm-app/gto/src/temp_fasta_rand_extra_chars.c:29:12: warning: unused variable 'value' [-Wunused-variable]
   29 |   uint8_t  value, line = 0, position = 1;
      |            ^~~~~
/home/jorge/GTOChef/gto-wasm-app/gto/src/temp_fasta_rand_extra_chars.c:29:19: warning: unused variable 'line' [-Wunused-variable]
   29 |   uint8_t  value, line = 0, position = 1;
      |                   ^~~~
/home/jorge/GTOChef/gto-wasm-app/gto/src/temp_fasta_rand_extra_chars.c:29:29: warning: unused variable 'position' [-Wunused-variable]
   29 |   uint8_t  value, line = 0, position = 1;
      |                             ^~~~~~~~
3 warnings generated.
cache:INFO: generating system asset: symbol_lists/8e1912a18d4ae76b74e25507d74d87ed2d5eb900.json... (this will be cached in "/home/jorge/GTOChef/emsdk/upstream/emscripten/cache/symbol_lists/8e1912a18d4ae76b74e25507d74d87ed2d5eb900.json" for subsequent builds)
cache:INFO:  - ok
/home/jorge/GTOChef/gto-wasm-app/gto/src/temp_fasta_rand_extra_chars.c:29:12: warning: unused variable 'value' [-Wunused-variable]
   29 |   uint8_t  value, line = 0, position = 1;
      |            ^~~~~
/home/jorge/GTOChef/gto-wasm-app/gto/src/temp_fasta_rand_extra_chars.c:29:19: warning: unused variable 'line' [-Wunused-variable]
   29 |   uint8_t  value, line = 0, position = 1;
      |                   ^~~~
/home/jorge/GTOChef/gto-wasm-app/gto/src/temp_fasta_rand_extra_chars.c:29:29: warning: unused variable 'position' [-Wunused-variable]
   29 |   uint8_t  value, line = 0, position = 1;
      |                             ^~~~~~~~
3 warnings generated.
