/home/jorge/GTOChef/gto-wasm-app/gto/src/LowerBound.c:38:47: warning: format specifies type 'long' but the argument has type 'uint64_t' (aka 'unsigned long long') [-Wformat]
   38 |   fprintf(stderr, "Using lower bound: %ld\n", lowerbound);
      |                                       ~~~     ^~~~~~~~~~
      |                                       %llu
1 warning generated.
/home/jorge/GTOChef/gto-wasm-app/gto/src/LowerBound.c:38:47: warning: format specifies type 'long' but the argument has type 'uint64_t' (aka 'unsigned long long') [-Wformat]
   38 |   fprintf(stderr, "Using lower bound: %ld\n", lowerbound);
      |                                       ~~~     ^~~~~~~~~~
      |                                       %llu
1 warning generated.
/home/jorge/GTOChef/gto-wasm-app/gto/src/LowerBound.c:38:47: warning: format specifies type 'long' but the argument has type 'uint64_t' (aka 'unsigned long long') [-Wformat]
   38 |   fprintf(stderr, "Using lower bound: %ld\n", lowerbound);
      |                                       ~~~     ^~~~~~~~~~
      |                                       %llu
1 warning generated.
/home/jorge/GTOChef/gto-wasm-app/gto/src/LowerBound.c:38:47: warning: format specifies type 'long' but the argument has type 'uint64_t' (aka 'unsigned long long') [-Wformat]
   38 |   fprintf(stderr, "Using lower bound: %ld\n", lowerbound);
      |                                       ~~~     ^~~~~~~~~~
      |                                       %llu
1 warning generated.
/home/jorge/GTOChef/gto-wasm-app/gto/src/LowerBound.c:38:47: warning: format specifies type 'long' but the argument has type 'uint64_t' (aka 'unsigned long long') [-Wformat]
   38 |   fprintf(stderr, "Using lower bound: %ld\n", lowerbound);
      |                                       ~~~     ^~~~~~~~~~
      |                                       %llu
1 warning generated.
/home/jorge/GTOChef/gto-wasm-app/gto/src/LowerBound.c:38:47: warning: format specifies type 'long' but the argument has type 'uint64_t' (aka 'unsigned long long') [-Wformat]
   38 |   fprintf(stderr, "Using lower bound: %ld\n", lowerbound);
      |                                       ~~~     ^~~~~~~~~~
      |                                       %llu
1 warning generated.
/home/jorge/GTOChef/gto-wasm-app/gto/src/LowerBound.c:38:47: warning: format specifies type 'long' but the argument has type 'uint64_t' (aka 'unsigned long long') [-Wformat]
   38 |   fprintf(stderr, "Using lower bound: %ld\n", lowerbound);
      |                                       ~~~     ^~~~~~~~~~
      |                                       %llu
1 warning generated.
/home/jorge/GTOChef/gto-wasm-app/gto/src/LowerBound.c:38:47: warning: format specifies type 'long' but the argument has type 'uint64_t' (aka 'unsigned long long') [-Wformat]
   38 |   fprintf(stderr, "Using lower bound: %ld\n", lowerbound);
      |                                       ~~~     ^~~~~~~~~~
      |                                       %llu
1 warning generated.
/home/jorge/GTOChef/gto-wasm-app/gto/src/LowerBound.c:38:47: warning: format specifies type 'long' but the argument has type 'uint64_t' (aka 'unsigned long long') [-Wformat]
   38 |   fprintf(stderr, "Using lower bound: %ld\n", lowerbound);
      |                                       ~~~     ^~~~~~~~~~
      |                                       %llu
1 warning generated.
/home/jorge/GTOChef/gto-wasm-app/gto/src/LowerBound.c:38:47: warning: format specifies type 'long' but the argument has type 'uint64_t' (aka 'unsigned long long') [-Wformat]
   38 |   fprintf(stderr, "Using lower bound: %ld\n", lowerbound);
      |                                       ~~~     ^~~~~~~~~~
      |                                       %llu
1 warning generated.
/home/jorge/GTOChef/gto-wasm-app/gto/src/LowerBound.c:38:47: warning: format specifies type 'long' but the argument has type 'uint64_t' (aka 'unsigned long long') [-Wformat]
   38 |   fprintf(stderr, "Using lower bound: %ld\n", lowerbound);
      |                                       ~~~     ^~~~~~~~~~
      |                                       %llu
1 warning generated.
/home/jorge/GTOChef/gto-wasm-app/gto/src/LowerBound.c:38:47: warning: format specifies type 'long' but the argument has type 'uint64_t' (aka 'unsigned long long') [-Wformat]
   38 |   fprintf(stderr, "Using lower bound: %ld\n", lowerbound);
      |                                       ~~~     ^~~~~~~~~~
      |                                       %llu
1 warning generated.
/home/jorge/GTOChef/gto-wasm-app/gto/src/LowerBound.c:38:47: warning: format specifies type 'long' but the argument has type 'uint64_t' (aka 'unsigned long long') [-Wformat]
   38 |   fprintf(stderr, "Using lower bound: %ld\n", lowerbound);
      |                                       ~~~     ^~~~~~~~~~
      |                                       %llu
1 warning generated.
/home/jorge/GTOChef/gto-wasm-app/gto/src/LowerBound.c:38:47: warning: format specifies type 'long' but the argument has type 'uint64_t' (aka 'unsigned long long') [-Wformat]
   38 |   fprintf(stderr, "Using lower bound: %ld\n", lowerbound);
      |                                       ~~~     ^~~~~~~~~~
      |                                       %llu
1 warning generated.
/home/jorge/GTOChef/gto-wasm-app/gto/src/LowerBound.c:38:47: warning: format specifies type 'long' but the argument has type 'uint64_t' (aka 'unsigned long long') [-Wformat]
   38 |   fprintf(stderr, "Using lower bound: %ld\n", lowerbound);
      |                                       ~~~     ^~~~~~~~~~
      |                                       %llu
1 warning generated.
/home/jorge/GTOChef/gto-wasm-app/gto/src/LowerBound.c:38:47: warning: format specifies type 'long' but the argument has type 'uint64_t' (aka 'unsigned long long') [-Wformat]
   38 |   fprintf(stderr, "Using lower bound: %ld\n", lowerbound);
      |                                       ~~~     ^~~~~~~~~~
      |                                       %llu
1 warning generated.
/home/jorge/GTOChef/gto-wasm-app/gto/src/LowerBound.c:38:47: warning: format specifies type 'long' but the argument has type 'uint64_t' (aka 'unsigned long long') [-Wformat]
   38 |   fprintf(stderr, "Using lower bound: %ld\n", lowerbound);
      |                                       ~~~     ^~~~~~~~~~
      |                                       %llu
1 warning generated.
/home/jorge/GTOChef/gto-wasm-app/gto/src/LowerBound.c:38:47: warning: format specifies type 'long' but the argument has type 'uint64_t' (aka 'unsigned long long') [-Wformat]
   38 |   fprintf(stderr, "Using lower bound: %ld\n", lowerbound);
      |                                       ~~~     ^~~~~~~~~~
      |                                       %llu
1 warning generated.
/home/jorge/GTOChef/gto-wasm-app/gto/src/LowerBound.c:38:47: warning: format specifies type 'long' but the argument has type 'uint64_t' (aka 'unsigned long long') [-Wformat]
   38 |   fprintf(stderr, "Using lower bound: %ld\n", lowerbound);
      |                                       ~~~     ^~~~~~~~~~
      |                                       %llu
1 warning generated.
/home/jorge/GTOChef/gto-wasm-app/gto/src/LowerBound.c:38:47: warning: format specifies type 'long' but the argument has type 'uint64_t' (aka 'unsigned long long') [-Wformat]
   38 |   fprintf(stderr, "Using lower bound: %ld\n", lowerbound);
      |                                       ~~~     ^~~~~~~~~~
      |                                       %llu
1 warning generated.
/home/jorge/GTOChef/gto-wasm-app/gto/src/LowerBound.c:38:47: warning: format specifies type 'long' but the argument has type 'uint64_t' (aka 'unsigned long long') [-Wformat]
   38 |   fprintf(stderr, "Using lower bound: %ld\n", lowerbound);
      |                                       ~~~     ^~~~~~~~~~
      |                                       %llu
1 warning generated.
/home/jorge/GTOChef/gto-wasm-app/gto/src/LowerBound.c:38:47: warning: format specifies type 'long' but the argument has type 'uint64_t' (aka 'unsigned long long') [-Wformat]
   38 |   fprintf(stderr, "Using lower bound: %ld\n", lowerbound);
      |                                       ~~~     ^~~~~~~~~~
      |                                       %llu
1 warning generated.
/home/jorge/GTOChef/gto-wasm-app/gto/src/LowerBound.c:38:47: warning: format specifies type 'long' but the argument has type 'uint64_t' (aka 'unsigned long long') [-Wformat]
   38 |   fprintf(stderr, "Using lower bound: %ld\n", lowerbound);
      |                                       ~~~     ^~~~~~~~~~
      |                                       %llu
1 warning generated.
/home/jorge/GTOChef/gto-wasm-app/gto/src/LowerBound.c:38:47: warning: format specifies type 'long' but the argument has type 'uint64_t' (aka 'unsigned long long') [-Wformat]
   38 |   fprintf(stderr, "Using lower bound: %ld\n", lowerbound);
      |                                       ~~~     ^~~~~~~~~~
      |                                       %llu
1 warning generated.
emcc: error: Attempt to set a non-existent setting: 'AUTO_RUN'
 - perhaps a typo in emcc's  -sX=Y  notation?
 - (see src/settings.js for valid values)
/home/jorge/GTOChef/gto-wasm-app/gto/src/LowerBound.c:38:47: warning: format specifies type 'long' but the argument has type 'uint64_t' (aka 'unsigned long long') [-Wformat]
   38 |   fprintf(stderr, "Using lower bound: %ld\n", lowerbound);
      |                                       ~~~     ^~~~~~~~~~
      |                                       %llu
1 warning generated.
/home/jorge/GTOChef/gto-wasm-app/gto/src/LowerBound.c:38:47: warning: format specifies type 'long' but the argument has type 'uint64_t' (aka 'unsigned long long') [-Wformat]
   38 |   fprintf(stderr, "Using lower bound: %ld\n", lowerbound);
      |                                       ~~~     ^~~~~~~~~~
      |                                       %llu
1 warning generated.
cache:INFO: generating system asset: symbol_lists/d5abf3a81776ebf222e051e76aecb0538d508f48.json... (this will be cached in "/home/jorge/GTOChef/emsdk/upstream/emscripten/cache/symbol_lists/d5abf3a81776ebf222e051e76aecb0538d508f48.json" for subsequent builds)
cache:INFO:  - ok
/home/jorge/GTOChef/gto-wasm-app/gto/src/LowerBound.c:38:47: warning: format specifies type 'long' but the argument has type 'uint64_t' (aka 'unsigned long long') [-Wformat]
   38 |   fprintf(stderr, "Using lower bound: %ld\n", lowerbound);
      |                                       ~~~     ^~~~~~~~~~
      |                                       %llu
1 warning generated.
cache:INFO: generating system asset: symbol_lists/1635849be3afd01854292e92ca7ee1b357514f96.json... (this will be cached in "/home/jorge/GTOChef/emsdk/upstream/emscripten/cache/symbol_lists/1635849be3afd01854292e92ca7ee1b357514f96.json" for subsequent builds)
cache:INFO:  - ok
/home/jorge/GTOChef/gto-wasm-app/gto/src/LowerBound.c:38:47: warning: format specifies type 'long' but the argument has type 'uint64_t' (aka 'unsigned long long') [-Wformat]
   38 |   fprintf(stderr, "Using lower bound: %ld\n", lowerbound);
      |                                       ~~~     ^~~~~~~~~~
      |                                       %llu
1 warning generated.
/home/jorge/GTOChef/gto-wasm-app/gto/src/LowerBound.c:38:47: warning: format specifies type 'long' but the argument has type 'uint64_t' (aka 'unsigned long long') [-Wformat]
   38 |   fprintf(stderr, "Using lower bound: %ld\n", lowerbound);
      |                                       ~~~     ^~~~~~~~~~
      |                                       %llu
1 warning generated.
cache:INFO: generating system asset: symbol_lists/e300b30f72e2e04550b7d556c737b0ac97145356.json... (this will be cached in "/home/jorge/GTOChef/emsdk/upstream/emscripten/cache/symbol_lists/e300b30f72e2e04550b7d556c737b0ac97145356.json" for subsequent builds)
cache:INFO:  - ok
/home/jorge/GTOChef/gto-wasm-app/gto/src/LowerBound.c:38:47: warning: format specifies type 'long' but the argument has type 'uint64_t' (aka 'unsigned long long') [-Wformat]
   38 |   fprintf(stderr, "Using lower bound: %ld\n", lowerbound);
      |                                       ~~~     ^~~~~~~~~~
      |                                       %llu
1 warning generated.
emcc: error: EXPORT_NAME is not a valid JS identifier: `window['lower_bound']`
/home/jorge/GTOChef/gto-wasm-app/gto/src/LowerBound.c:38:47: warning: format specifies type 'long' but the argument has type 'uint64_t' (aka 'unsigned long long') [-Wformat]
   38 |   fprintf(stderr, "Using lower bound: %ld\n", lowerbound);
      |                                       ~~~     ^~~~~~~~~~
      |                                       %llu
1 warning generated.
/home/jorge/GTOChef/gto-wasm-app/gto/src/LowerBound.c:38:47: warning: format specifies type 'long' but the argument has type 'uint64_t' (aka 'unsigned long long') [-Wformat]
   38 |   fprintf(stderr, "Using lower bound: %ld\n", lowerbound);
      |                                       ~~~     ^~~~~~~~~~
      |                                       %llu
1 warning generated.
/home/jorge/GTOChef/gto-wasm-app/gto/src/LowerBound.c:38:47: warning: format specifies type 'long' but the argument has type 'uint64_t' (aka 'unsigned long long') [-Wformat]
   38 |   fprintf(stderr, "Using lower bound: %ld\n", lowerbound);
      |                                       ~~~     ^~~~~~~~~~
      |                                       %llu
1 warning generated.
/home/jorge/GTOChef/gto-wasm-app/gto/src/LowerBound.c:38:47: warning: format specifies type 'long' but the argument has type 'uint64_t' (aka 'unsigned long long') [-Wformat]
   38 |   fprintf(stderr, "Using lower bound: %ld\n", lowerbound);
      |                                       ~~~     ^~~~~~~~~~
      |                                       %llu
1 warning generated.
/home/jorge/GTOChef/gto-wasm-app/gto/src/temp_lower_bound.c:38:47: warning: format specifies type 'long' but the argument has type 'uint64_t' (aka 'unsigned long long') [-Wformat]
   38 |   fprintf(stderr, "Using lower bound: %ld\n", lowerbound);
      |                                       ~~~     ^~~~~~~~~~
      |                                       %llu
1 warning generated.
cache:INFO: generating system asset: symbol_lists/0cbd727bd8a052452300c47b92a7ec66f5d5808e.json... (this will be cached in "/home/jorge/GTOChef/emsdk/upstream/emscripten/cache/symbol_lists/0cbd727bd8a052452300c47b92a7ec66f5d5808e.json" for subsequent builds)
cache:INFO:  - ok
/home/jorge/GTOChef/gto-wasm-app/gto/src/LowerBound.c:38:47: warning: format specifies type 'long' but the argument has type 'uint64_t' (aka 'unsigned long long') [-Wformat]
   38 |   fprintf(stderr, "Using lower bound: %ld\n", lowerbound);
      |                                       ~~~     ^~~~~~~~~~
      |                                       %llu
1 warning generated.
wasm-ld: error: duplicate symbol: real_main
>>> defined in /tmp/emscripten_temp_uzh5mtxn/LowerBound_0.o
>>> defined in /tmp/emscripten_temp_uzh5mtxn/main_wrapper_1.o
emcc: error: '/home/jorge/GTOChef/emsdk/upstream/bin/wasm-ld -o /home/jorge/GTOChef/gto-wasm-app/public/wasm/lower_bound.wasm /tmp/emscripten_temp_uzh5mtxn/LowerBound_0.o /tmp/emscripten_temp_uzh5mtxn/main_wrapper_1.o argparse.o buffer.o common.o csmodel.o dna.o fcm.o labels.o mem.o misc.o parser.o phash.o reads.o -L/home/jorge/GTOChef/emsdk/upstream/emscripten/cache/sysroot/lib/wasm32-emscripten -lGL-getprocaddr -lal -lhtml5 -lstubs -lnoexit -lc -ldlmalloc -lcompiler_rt -lc++-noexcept -lc++abi-noexcept -lsockets -mllvm -combiner-global-alias-analysis=false -mllvm -enable-emscripten-sjlj -mllvm -disable-lsr /tmp/tmp6spdyigclibemscripten_js_symbols.so --strip-debug --export=real_main --export=malloc --export=free --export=_emscripten_stack_alloc --export=__get_temp_ret --export=__set_temp_ret --export=__wasm_call_ctors --export=emscripten_stack_get_current --export=_emscripten_stack_restore --export-if-defined=__start_em_asm --export-if-defined=__stop_em_asm --export-if-defined=__start_em_lib_deps --export-if-defined=__stop_em_lib_deps --export-if-defined=__start_em_js --export-if-defined=__stop_em_js --export-if-defined=main --export-if-defined=__main_argc_argv --export-table -z stack-size=65536 --max-memory=2147483648 --initial-heap=16777216 --no-entry --table-base=1 --global-base=1024' failed (returned 1)
/home/jorge/GTOChef/gto-wasm-app/gto/src/temp_lower_bound.c:38:47: warning: format specifies type 'long' but the argument has type 'uint64_t' (aka 'unsigned long long') [-Wformat]
   38 |   fprintf(stderr, "Using lower bound: %ld\n", lowerbound);
      |                                       ~~~     ^~~~~~~~~~
      |                                       %llu
1 warning generated.
/home/jorge/GTOChef/gto-wasm-app/gto/src/temp_lower_bound.c:38:47: warning: format specifies type 'long' but the argument has type 'uint64_t' (aka 'unsigned long long') [-Wformat]
   38 |   fprintf(stderr, "Using lower bound: %ld\n", lowerbound);
      |                                       ~~~     ^~~~~~~~~~
      |                                       %llu
1 warning generated.
cache:INFO: generating system asset: symbol_lists/d2d6e121c61ea1ea77419908fa7b538cb5dfed97.json... (this will be cached in "/home/jorge/GTOChef/emsdk/upstream/emscripten/cache/symbol_lists/d2d6e121c61ea1ea77419908fa7b538cb5dfed97.json" for subsequent builds)
cache:INFO:  - ok
/home/jorge/GTOChef/gto-wasm-app/gto/src/temp_lower_bound.c:38:47: warning: format specifies type 'long' but the argument has type 'uint64_t' (aka 'unsigned long long') [-Wformat]
   38 |   fprintf(stderr, "Using lower bound: %ld\n", lowerbound);
      |                                       ~~~     ^~~~~~~~~~
      |                                       %llu
1 warning generated.
