/home/jorge/GTOChef/gto-wasm-app/gto/src/UpperBound.c:38:47: warning: format specifies type 'long' but the argument has type 'uint64_t' (aka 'unsigned long long') [-Wformat]
   38 |   fprintf(stderr, "Using upper bound: %ld\n", upperbound);
      |                                       ~~~     ^~~~~~~~~~
      |                                       %llu
1 warning generated.
/home/jorge/GTOChef/gto-wasm-app/gto/src/UpperBound.c:38:47: warning: format specifies type 'long' but the argument has type 'uint64_t' (aka 'unsigned long long') [-Wformat]
   38 |   fprintf(stderr, "Using upper bound: %ld\n", upperbound);
      |                                       ~~~     ^~~~~~~~~~
      |                                       %llu
1 warning generated.
/home/jorge/GTOChef/gto-wasm-app/gto/src/UpperBound.c:38:47: warning: format specifies type 'long' but the argument has type 'uint64_t' (aka 'unsigned long long') [-Wformat]
   38 |   fprintf(stderr, "Using upper bound: %ld\n", upperbound);
      |                                       ~~~     ^~~~~~~~~~
      |                                       %llu
1 warning generated.
/home/jorge/GTOChef/gto-wasm-app/gto/src/UpperBound.c:38:47: warning: format specifies type 'long' but the argument has type 'uint64_t' (aka 'unsigned long long') [-Wformat]
   38 |   fprintf(stderr, "Using upper bound: %ld\n", upperbound);
      |                                       ~~~     ^~~~~~~~~~
      |                                       %llu
1 warning generated.
/home/jorge/GTOChef/gto-wasm-app/gto/src/UpperBound.c:38:47: warning: format specifies type 'long' but the argument has type 'uint64_t' (aka 'unsigned long long') [-Wformat]
   38 |   fprintf(stderr, "Using upper bound: %ld\n", upperbound);
      |                                       ~~~     ^~~~~~~~~~
      |                                       %llu
1 warning generated.
/home/jorge/GTOChef/gto-wasm-app/gto/src/UpperBound.c:38:47: warning: format specifies type 'long' but the argument has type 'uint64_t' (aka 'unsigned long long') [-Wformat]
   38 |   fprintf(stderr, "Using upper bound: %ld\n", upperbound);
      |                                       ~~~     ^~~~~~~~~~
      |                                       %llu
1 warning generated.
/home/jorge/GTOChef/gto-wasm-app/gto/src/UpperBound.c:38:47: warning: format specifies type 'long' but the argument has type 'uint64_t' (aka 'unsigned long long') [-Wformat]
   38 |   fprintf(stderr, "Using upper bound: %ld\n", upperbound);
      |                                       ~~~     ^~~~~~~~~~
      |                                       %llu
1 warning generated.
/home/jorge/GTOChef/gto-wasm-app/gto/src/UpperBound.c:38:47: warning: format specifies type 'long' but the argument has type 'uint64_t' (aka 'unsigned long long') [-Wformat]
   38 |   fprintf(stderr, "Using upper bound: %ld\n", upperbound);
      |                                       ~~~     ^~~~~~~~~~
      |                                       %llu
1 warning generated.
/home/jorge/GTOChef/gto-wasm-app/gto/src/UpperBound.c:38:47: warning: format specifies type 'long' but the argument has type 'uint64_t' (aka 'unsigned long long') [-Wformat]
   38 |   fprintf(stderr, "Using upper bound: %ld\n", upperbound);
      |                                       ~~~     ^~~~~~~~~~
      |                                       %llu
1 warning generated.
/home/jorge/GTOChef/gto-wasm-app/gto/src/UpperBound.c:38:47: warning: format specifies type 'long' but the argument has type 'uint64_t' (aka 'unsigned long long') [-Wformat]
   38 |   fprintf(stderr, "Using upper bound: %ld\n", upperbound);
      |                                       ~~~     ^~~~~~~~~~
      |                                       %llu
1 warning generated.
/home/jorge/GTOChef/gto-wasm-app/gto/src/UpperBound.c:38:47: warning: format specifies type 'long' but the argument has type 'uint64_t' (aka 'unsigned long long') [-Wformat]
   38 |   fprintf(stderr, "Using upper bound: %ld\n", upperbound);
      |                                       ~~~     ^~~~~~~~~~
      |                                       %llu
1 warning generated.
/home/jorge/GTOChef/gto-wasm-app/gto/src/UpperBound.c:38:47: warning: format specifies type 'long' but the argument has type 'uint64_t' (aka 'unsigned long long') [-Wformat]
   38 |   fprintf(stderr, "Using upper bound: %ld\n", upperbound);
      |                                       ~~~     ^~~~~~~~~~
      |                                       %llu
1 warning generated.
/home/jorge/GTOChef/gto-wasm-app/gto/src/UpperBound.c:38:47: warning: format specifies type 'long' but the argument has type 'uint64_t' (aka 'unsigned long long') [-Wformat]
   38 |   fprintf(stderr, "Using upper bound: %ld\n", upperbound);
      |                                       ~~~     ^~~~~~~~~~
      |                                       %llu
1 warning generated.
/home/jorge/GTOChef/gto-wasm-app/gto/src/UpperBound.c:38:47: warning: format specifies type 'long' but the argument has type 'uint64_t' (aka 'unsigned long long') [-Wformat]
   38 |   fprintf(stderr, "Using upper bound: %ld\n", upperbound);
      |                                       ~~~     ^~~~~~~~~~
      |                                       %llu
1 warning generated.
/home/jorge/GTOChef/gto-wasm-app/gto/src/UpperBound.c:38:47: warning: format specifies type 'long' but the argument has type 'uint64_t' (aka 'unsigned long long') [-Wformat]
   38 |   fprintf(stderr, "Using upper bound: %ld\n", upperbound);
      |                                       ~~~     ^~~~~~~~~~
      |                                       %llu
1 warning generated.
/home/jorge/GTOChef/gto-wasm-app/gto/src/UpperBound.c:38:47: warning: format specifies type 'long' but the argument has type 'uint64_t' (aka 'unsigned long long') [-Wformat]
   38 |   fprintf(stderr, "Using upper bound: %ld\n", upperbound);
      |                                       ~~~     ^~~~~~~~~~
      |                                       %llu
1 warning generated.
/home/jorge/GTOChef/gto-wasm-app/gto/src/UpperBound.c:38:47: warning: format specifies type 'long' but the argument has type 'uint64_t' (aka 'unsigned long long') [-Wformat]
   38 |   fprintf(stderr, "Using upper bound: %ld\n", upperbound);
      |                                       ~~~     ^~~~~~~~~~
      |                                       %llu
1 warning generated.
/home/jorge/GTOChef/gto-wasm-app/gto/src/UpperBound.c:38:47: warning: format specifies type 'long' but the argument has type 'uint64_t' (aka 'unsigned long long') [-Wformat]
   38 |   fprintf(stderr, "Using upper bound: %ld\n", upperbound);
      |                                       ~~~     ^~~~~~~~~~
      |                                       %llu
1 warning generated.
/home/jorge/GTOChef/gto-wasm-app/gto/src/UpperBound.c:38:47: warning: format specifies type 'long' but the argument has type 'uint64_t' (aka 'unsigned long long') [-Wformat]
   38 |   fprintf(stderr, "Using upper bound: %ld\n", upperbound);
      |                                       ~~~     ^~~~~~~~~~
      |                                       %llu
1 warning generated.
/home/jorge/GTOChef/gto-wasm-app/gto/src/UpperBound.c:38:47: warning: format specifies type 'long' but the argument has type 'uint64_t' (aka 'unsigned long long') [-Wformat]
   38 |   fprintf(stderr, "Using upper bound: %ld\n", upperbound);
      |                                       ~~~     ^~~~~~~~~~
      |                                       %llu
1 warning generated.
/home/jorge/GTOChef/gto-wasm-app/gto/src/UpperBound.c:38:47: warning: format specifies type 'long' but the argument has type 'uint64_t' (aka 'unsigned long long') [-Wformat]
   38 |   fprintf(stderr, "Using upper bound: %ld\n", upperbound);
      |                                       ~~~     ^~~~~~~~~~
      |                                       %llu
1 warning generated.
/home/jorge/GTOChef/gto-wasm-app/gto/src/UpperBound.c:38:47: warning: format specifies type 'long' but the argument has type 'uint64_t' (aka 'unsigned long long') [-Wformat]
   38 |   fprintf(stderr, "Using upper bound: %ld\n", upperbound);
      |                                       ~~~     ^~~~~~~~~~
      |                                       %llu
1 warning generated.
/home/jorge/GTOChef/gto-wasm-app/gto/src/UpperBound.c:38:47: warning: format specifies type 'long' but the argument has type 'uint64_t' (aka 'unsigned long long') [-Wformat]
   38 |   fprintf(stderr, "Using upper bound: %ld\n", upperbound);
      |                                       ~~~     ^~~~~~~~~~
      |                                       %llu
1 warning generated.
/home/jorge/GTOChef/gto-wasm-app/gto/src/UpperBound.c:38:47: warning: format specifies type 'long' but the argument has type 'uint64_t' (aka 'unsigned long long') [-Wformat]
   38 |   fprintf(stderr, "Using upper bound: %ld\n", upperbound);
      |                                       ~~~     ^~~~~~~~~~
      |                                       %llu
1 warning generated.
emcc: error: Attempt to set a non-existent setting: 'AUTO_RUN'
 - perhaps a typo in emcc's  -sX=Y  notation?
 - (see src/settings.js for valid values)
/home/jorge/GTOChef/gto-wasm-app/gto/src/UpperBound.c:38:47: warning: format specifies type 'long' but the argument has type 'uint64_t' (aka 'unsigned long long') [-Wformat]
   38 |   fprintf(stderr, "Using upper bound: %ld\n", upperbound);
      |                                       ~~~     ^~~~~~~~~~
      |                                       %llu
1 warning generated.
/home/jorge/GTOChef/gto-wasm-app/gto/src/UpperBound.c:38:47: warning: format specifies type 'long' but the argument has type 'uint64_t' (aka 'unsigned long long') [-Wformat]
   38 |   fprintf(stderr, "Using upper bound: %ld\n", upperbound);
      |                                       ~~~     ^~~~~~~~~~
      |                                       %llu
1 warning generated.
cache:INFO: generating system asset: symbol_lists/66139f83b2b4a67dd192fc2a54843ffc6e6d414e.json... (this will be cached in "/home/jorge/GTOChef/emsdk/upstream/emscripten/cache/symbol_lists/66139f83b2b4a67dd192fc2a54843ffc6e6d414e.json" for subsequent builds)
cache:INFO:  - ok
/home/jorge/GTOChef/gto-wasm-app/gto/src/UpperBound.c:38:47: warning: format specifies type 'long' but the argument has type 'uint64_t' (aka 'unsigned long long') [-Wformat]
   38 |   fprintf(stderr, "Using upper bound: %ld\n", upperbound);
      |                                       ~~~     ^~~~~~~~~~
      |                                       %llu
1 warning generated.
cache:INFO: generating system asset: symbol_lists/0d8838adadb59c5d0967f4a78bb4ac14af02be51.json... (this will be cached in "/home/jorge/GTOChef/emsdk/upstream/emscripten/cache/symbol_lists/0d8838adadb59c5d0967f4a78bb4ac14af02be51.json" for subsequent builds)
cache:INFO:  - ok
/home/jorge/GTOChef/gto-wasm-app/gto/src/UpperBound.c:38:47: warning: format specifies type 'long' but the argument has type 'uint64_t' (aka 'unsigned long long') [-Wformat]
   38 |   fprintf(stderr, "Using upper bound: %ld\n", upperbound);
      |                                       ~~~     ^~~~~~~~~~
      |                                       %llu
1 warning generated.
/home/jorge/GTOChef/gto-wasm-app/gto/src/UpperBound.c:38:47: warning: format specifies type 'long' but the argument has type 'uint64_t' (aka 'unsigned long long') [-Wformat]
   38 |   fprintf(stderr, "Using upper bound: %ld\n", upperbound);
      |                                       ~~~     ^~~~~~~~~~
      |                                       %llu
1 warning generated.
cache:INFO: generating system asset: symbol_lists/ef0dc72d8e9f862ff529f1102061f378fe7135da.json... (this will be cached in "/home/jorge/GTOChef/emsdk/upstream/emscripten/cache/symbol_lists/ef0dc72d8e9f862ff529f1102061f378fe7135da.json" for subsequent builds)
cache:INFO:  - ok
/home/jorge/GTOChef/gto-wasm-app/gto/src/UpperBound.c:38:47: warning: format specifies type 'long' but the argument has type 'uint64_t' (aka 'unsigned long long') [-Wformat]
   38 |   fprintf(stderr, "Using upper bound: %ld\n", upperbound);
      |                                       ~~~     ^~~~~~~~~~
      |                                       %llu
1 warning generated.
emcc: error: EXPORT_NAME is not a valid JS identifier: `window['upper_bound']`
/home/jorge/GTOChef/gto-wasm-app/gto/src/UpperBound.c:38:47: warning: format specifies type 'long' but the argument has type 'uint64_t' (aka 'unsigned long long') [-Wformat]
   38 |   fprintf(stderr, "Using upper bound: %ld\n", upperbound);
      |                                       ~~~     ^~~~~~~~~~
      |                                       %llu
1 warning generated.
/home/jorge/GTOChef/gto-wasm-app/gto/src/UpperBound.c:38:47: warning: format specifies type 'long' but the argument has type 'uint64_t' (aka 'unsigned long long') [-Wformat]
   38 |   fprintf(stderr, "Using upper bound: %ld\n", upperbound);
      |                                       ~~~     ^~~~~~~~~~
      |                                       %llu
1 warning generated.
/home/jorge/GTOChef/gto-wasm-app/gto/src/UpperBound.c:38:47: warning: format specifies type 'long' but the argument has type 'uint64_t' (aka 'unsigned long long') [-Wformat]
   38 |   fprintf(stderr, "Using upper bound: %ld\n", upperbound);
      |                                       ~~~     ^~~~~~~~~~
      |                                       %llu
1 warning generated.
/home/jorge/GTOChef/gto-wasm-app/gto/src/UpperBound.c:38:47: warning: format specifies type 'long' but the argument has type 'uint64_t' (aka 'unsigned long long') [-Wformat]
   38 |   fprintf(stderr, "Using upper bound: %ld\n", upperbound);
      |                                       ~~~     ^~~~~~~~~~
      |                                       %llu
1 warning generated.
/home/jorge/GTOChef/gto-wasm-app/gto/src/temp_upper_bound.c:38:47: warning: format specifies type 'long' but the argument has type 'uint64_t' (aka 'unsigned long long') [-Wformat]
   38 |   fprintf(stderr, "Using upper bound: %ld\n", upperbound);
      |                                       ~~~     ^~~~~~~~~~
      |                                       %llu
1 warning generated.
cache:INFO: generating system asset: symbol_lists/81eb3f561a5b3fdab527f86ac98156830f24f044.json... (this will be cached in "/home/jorge/GTOChef/emsdk/upstream/emscripten/cache/symbol_lists/81eb3f561a5b3fdab527f86ac98156830f24f044.json" for subsequent builds)
cache:INFO:  - ok
/home/jorge/GTOChef/gto-wasm-app/gto/src/UpperBound.c:38:47: warning: format specifies type 'long' but the argument has type 'uint64_t' (aka 'unsigned long long') [-Wformat]
   38 |   fprintf(stderr, "Using upper bound: %ld\n", upperbound);
      |                                       ~~~     ^~~~~~~~~~
      |                                       %llu
1 warning generated.
wasm-ld: error: duplicate symbol: real_main
>>> defined in /tmp/emscripten_temp_p9ujl8l5/UpperBound_0.o
>>> defined in /tmp/emscripten_temp_p9ujl8l5/main_wrapper_1.o
emcc: error: '/home/jorge/GTOChef/emsdk/upstream/bin/wasm-ld -o /home/jorge/GTOChef/gto-wasm-app/public/wasm/upper_bound.wasm /tmp/emscripten_temp_p9ujl8l5/UpperBound_0.o /tmp/emscripten_temp_p9ujl8l5/main_wrapper_1.o argparse.o buffer.o common.o csmodel.o dna.o fcm.o labels.o mem.o misc.o parser.o phash.o reads.o -L/home/jorge/GTOChef/emsdk/upstream/emscripten/cache/sysroot/lib/wasm32-emscripten -lGL-getprocaddr -lal -lhtml5 -lstubs -lnoexit -lc -ldlmalloc -lcompiler_rt -lc++-noexcept -lc++abi-noexcept -lsockets -mllvm -combiner-global-alias-analysis=false -mllvm -enable-emscripten-sjlj -mllvm -disable-lsr /tmp/tmpqueezqttlibemscripten_js_symbols.so --strip-debug --export=real_main --export=malloc --export=free --export=_emscripten_stack_alloc --export=__get_temp_ret --export=__set_temp_ret --export=__wasm_call_ctors --export=emscripten_stack_get_current --export=_emscripten_stack_restore --export-if-defined=__start_em_asm --export-if-defined=__stop_em_asm --export-if-defined=__start_em_lib_deps --export-if-defined=__stop_em_lib_deps --export-if-defined=__start_em_js --export-if-defined=__stop_em_js --export-if-defined=main --export-if-defined=__main_argc_argv --export-table -z stack-size=65536 --max-memory=2147483648 --initial-heap=16777216 --no-entry --table-base=1 --global-base=1024' failed (returned 1)
/home/jorge/GTOChef/gto-wasm-app/gto/src/temp_upper_bound.c:38:47: warning: format specifies type 'long' but the argument has type 'uint64_t' (aka 'unsigned long long') [-Wformat]
   38 |   fprintf(stderr, "Using upper bound: %ld\n", upperbound);
      |                                       ~~~     ^~~~~~~~~~
      |                                       %llu
1 warning generated.
/home/jorge/GTOChef/gto-wasm-app/gto/src/temp_upper_bound.c:38:47: warning: format specifies type 'long' but the argument has type 'uint64_t' (aka 'unsigned long long') [-Wformat]
   38 |   fprintf(stderr, "Using upper bound: %ld\n", upperbound);
      |                                       ~~~     ^~~~~~~~~~
      |                                       %llu
1 warning generated.
cache:INFO: generating system asset: symbol_lists/d4e27694dee999a895277047cf27b449fcfda36d.json... (this will be cached in "/home/jorge/GTOChef/emsdk/upstream/emscripten/cache/symbol_lists/d4e27694dee999a895277047cf27b449fcfda36d.json" for subsequent builds)
cache:INFO:  - ok
/home/jorge/GTOChef/gto-wasm-app/gto/src/temp_upper_bound.c:38:47: warning: format specifies type 'long' but the argument has type 'uint64_t' (aka 'unsigned long long') [-Wformat]
   38 |   fprintf(stderr, "Using upper bound: %ld\n", upperbound);
      |                                       ~~~     ^~~~~~~~~~
      |                                       %llu
1 warning generated.
